01/31 09:04:38.217 [main/INFO][NativeMethodAccessorImpl.invoke0:-2] [WebSquareConfig.getStringValue] key[//wqDefiner/@value] value[] defaultValue[]
01/31 09:04:38.220 [main/INFO][NativeMethodAccessorImpl.invoke0:-2] [WebSquareConfig.getStringValue] key[//upload/@support] value[] defaultValue[true]
01/31 09:04:38.220 [main/INFO][NativeMethodAccessorImpl.invoke0:-2] [WebSquareConfig.getStringValue] key[/websquare/upload/maxUploadSize/@value] value[536870912] defaultValue[1048576]
01/31 09:04:38.223 [main/INFO][NativeMethodAccessorImpl.invoke0:-2] [WebSquareConfig.getStringValue] key[//upload/encoding/@value] value[UTF-8] defaultValue[KSC5601]
01/31 09:04:38.226 [main/INFO][NativeMethodAccessorImpl.invoke0:-2] [WebSquareConfig.getStringValue] key[//upload/baseDir/@value] value[C:\WEBSQUARE_DEV_PACK\workspace\WRM\WebContent\fileUpload] defaultValue[null]
01/31 09:04:38.226 [main/INFO][NativeMethodAccessorImpl.invoke0:-2] [WebSquareConfig.getStringValue] key[//upload/folderName/@value] value[up] defaultValue[]
01/31 09:04:38.241 [main/INFO][NativeMethodAccessorImpl.invoke0:-2] [WebSquareConfig.getStringValue] key[//priorPlugins/@value] value[] defaultValue[]
01/31 09:04:38.259 [main/INFO][NativeMethodAccessorImpl.invoke0:-2] [WebSquareConfig.getStringValue] key[//compression/@value] value[] defaultValue[true]
01/31 09:04:38.261 [main/INFO][GeneratedMethodAccessor34.invoke:-1] [WebSquareConfig.getStringValue] key[//engineType/@value] value[5] defaultValue[1]
01/31 09:04:38.633 [main/INFO][GeneratedMethodAccessor34.invoke:-1] [WebSquareConfig.getStringValue] key[//engineType/@baseFolder] value[] defaultValue[]
01/31 09:04:38.646 [main/INFO][GeneratedMethodAccessor34.invoke:-1] [WebSquareConfig.getStringValue] key[//engineType/@coverage] value[notsupport] defaultValue[notsupport]
01/31 09:04:38.649 [main/SEVERE][GeneratedMethodAccessor34.invoke:-1] LoadingModule [/bootloader][websquare.Bootloader][18864][5]
01/31 09:04:38.653 [main/SEVERE][GeneratedMethodAccessor34.invoke:-1] LoadingModule [engine/CommonRuntime][websquare.engine.CommonRuntime][67][5]
01/31 09:04:38.660 [main/SEVERE][GeneratedMethodAccessor34.invoke:-1] LoadingModule [engine/core][websquare.engine.Core][46704][5]
01/31 09:04:38.665 [main/SEVERE][GeneratedMethodAccessor34.invoke:-1] LoadingModule [engine/exception][websquare.engine.Exception][5259][5]
01/31 09:04:38.670 [main/SEVERE][GeneratedMethodAccessor34.invoke:-1] LoadingModule [engine/logger][websquare.engine.Logger][22235][5]
01/31 09:04:38.676 [main/SEVERE][GeneratedMethodAccessor34.invoke:-1] LoadingModule [engine/xml][websquare.engine.Xml][27430][5]
01/31 09:04:38.679 [main/SEVERE][GeneratedMethodAccessor34.invoke:-1] LoadingModule [engine/collection][websquare.engine.Collection][11703][5]
01/31 09:04:38.685 [main/SEVERE][GeneratedMethodAccessor34.invoke:-1] LoadingModule [engine/WebSquareDocument][websquare.engine.WebSquareDocument][8981][5]
01/31 09:04:38.690 [main/SEVERE][GeneratedMethodAccessor34.invoke:-1] LoadingModule [engine/Parser][websquare.engine.Parser][26806][5]
01/31 09:04:38.694 [main/SEVERE][GeneratedMethodAccessor34.invoke:-1] LoadingModule [engine/Model][websquare.engine.Model][5600][5]
01/31 09:04:38.698 [main/SEVERE][GeneratedMethodAccessor34.invoke:-1] LoadingModule [engine/Actions][websquare.engine.Actions][4658][5]
01/31 09:04:38.704 [main/SEVERE][GeneratedMethodAccessor34.invoke:-1] LoadingModule [engine/ModelUtil][websquare.engine.ModelUtil][87861][5]
01/31 09:04:38.708 [main/SEVERE][GeneratedMethodAccessor34.invoke:-1] LoadingModule [engine/DataCollection][websquare.engine.DataCollection][26660][5]
01/31 09:04:38.711 [main/SEVERE][GeneratedMethodAccessor34.invoke:-1] LoadingModule [engine/Events][websquare.engine.Events][224][5]
01/31 09:04:38.717 [main/SEVERE][GeneratedMethodAccessor34.invoke:-1] LoadingModule [engine/form][websquare.engine.Form][20271][5]
01/31 09:04:38.722 [main/SEVERE][GeneratedMethodAccessor34.invoke:-1] LoadingModule [engine/net][websquare.engine.Net][13837][5]
01/31 09:04:38.725 [main/SEVERE][GeneratedMethodAccessor34.invoke:-1] LoadingModule [engine/session][websquare.engine.Session][2278][5]
01/31 09:04:38.733 [main/SEVERE][GeneratedMethodAccessor34.invoke:-1] LoadingModule [engine/util][websquare.engine.Util][108343][5]
01/31 09:04:38.739 [main/SEVERE][GeneratedMethodAccessor34.invoke:-1] LoadingModule [engine/date][websquare.engine.Date][23040][5]
01/31 09:04:38.746 [main/SEVERE][GeneratedMethodAccessor34.invoke:-1] LoadingModule [engine/text][websquare.engine.Text][28866][5]
01/31 09:04:38.751 [main/SEVERE][GeneratedMethodAccessor34.invoke:-1] LoadingModule [engine/layer][websquare.engine.Layer][10461][5]
01/31 09:04:38.754 [main/SEVERE][GeneratedMethodAccessor34.invoke:-1] LoadingModule [engine/cookie][websquare.engine.Cookie][1003][5]
01/31 09:04:38.758 [main/SEVERE][GeneratedMethodAccessor34.invoke:-1] LoadingModule [engine/thread][websquare.engine.Thread][1490][5]
01/31 09:04:38.763 [main/SEVERE][GeneratedMethodAccessor34.invoke:-1] LoadingModule [engine/effect][websquare.engine.Effect][13802][5]
01/31 09:04:38.767 [main/SEVERE][GeneratedMethodAccessor34.invoke:-1] LoadingModule [engine/domIterator][websquare.engine.DomIterator][2261][5]
01/31 09:04:38.771 [main/SEVERE][GeneratedMethodAccessor34.invoke:-1] LoadingModule [engine/event][websquare.engine.Event][17869][5]
01/31 09:04:38.775 [main/SEVERE][GeneratedMethodAccessor34.invoke:-1] LoadingModule [engine/skin][websquare.engine.Skin][6696][5]
01/31 09:04:38.778 [main/SEVERE][GeneratedMethodAccessor34.invoke:-1] LoadingModule [engine/language][websquare.engine.Language][490][5]
01/31 09:04:38.782 [main/SEVERE][GeneratedMethodAccessor34.invoke:-1] LoadingModule [engine/geometry][websquare.engine.Geometry][4695][5]
01/31 09:04:38.787 [main/SEVERE][GeneratedMethodAccessor34.invoke:-1] LoadingModule [engine/shape][websquare.engine.Shape][11018][5]
01/31 09:04:38.791 [main/SEVERE][GeneratedMethodAccessor34.invoke:-1] LoadingModule [engine/configManager][websquare.engine.ConfigManager][1007][5]
01/31 09:04:38.794 [main/SEVERE][GeneratedMethodAccessor34.invoke:-1] LoadingModule [engine/cssStyleSheet][websquare.engine.CssStyleSheet][3808][5]
01/31 09:04:38.799 [main/SEVERE][GeneratedMethodAccessor34.invoke:-1] LoadingModule [uiplugin/control/eventControl][websquare.uiplugin.control.EventControl][7551][5]
01/31 09:04:38.804 [main/SEVERE][GeneratedMethodAccessor34.invoke:-1] LoadingModule [engine/dragdrop][websquare.engine.Dragdrop][13056][5]
01/31 09:04:38.809 [main/SEVERE][GeneratedMethodAccessor34.invoke:-1] LoadingModule [engine/style][websquare.engine.Style][11890][5]
01/31 09:04:38.813 [main/SEVERE][GeneratedMethodAccessor34.invoke:-1] LoadingModule [engine/validator][websquare.engine.Validator][38829][5]
01/31 09:04:38.816 [main/SEVERE][GeneratedMethodAccessor34.invoke:-1] LoadingModule [engine/wUnit][websquare.engine.WUnit][13624][5]
01/31 09:04:38.821 [main/SEVERE][GeneratedMethodAccessor34.invoke:-1] LoadingModule [engine/json][websquare.engine.Json][8481][5]
01/31 09:04:38.825 [main/SEVERE][GeneratedMethodAccessor34.invoke:-1] LoadingModule [engine/jquerySupport][websquare.engine.JquerySupport][3323][5]
01/31 09:04:38.829 [main/SEVERE][GeneratedMethodAccessor34.invoke:-1] LoadingModule [uiplugin/control/css][websquare.uiplugin.control.Css][9599][5]
01/31 09:04:38.833 [main/SEVERE][GeneratedMethodAccessor34.invoke:-1] LoadingModule [uiplugin/control/IAction][websquare.uiplugin.control.IAction][308][5]
01/31 09:04:38.836 [main/SEVERE][GeneratedMethodAccessor34.invoke:-1] LoadingModule [uiplugin/control/IVisible][websquare.uiplugin.control.IVisible][203][5]
01/31 09:04:38.839 [main/SEVERE][GeneratedMethodAccessor34.invoke:-1] LoadingModule [uiplugin/control/ISerialize][websquare.uiplugin.control.ISerialize][337][5]
01/31 09:04:38.842 [main/SEVERE][GeneratedMethodAccessor34.invoke:-1] LoadingModule [uiplugin/control/widget][websquare.uiplugin.control.Widget][100][5]
01/31 09:04:38.847 [main/SEVERE][GeneratedMethodAccessor34.invoke:-1] LoadingModule [uiplugin/control/control][websquare.uiplugin.control.Control][5788][5]
01/31 09:04:38.851 [main/SEVERE][GeneratedMethodAccessor34.invoke:-1] LoadingModule [uiplugin/control/cssManager][websquare.uiplugin.control.CssManager][9483][5]
01/31 09:04:38.855 [main/SEVERE][GeneratedMethodAccessor34.invoke:-1] LoadingModule [uiplugin/control/cssCustomizer][websquare.uiplugin.control.CssCustomizer][1819][5]
01/31 09:04:38.858 [main/SEVERE][GeneratedMethodAccessor34.invoke:-1] LoadingModule [uiplugin/control/htmlControl][websquare.uiplugin.control.HtmlControl][604][5]
01/31 09:04:38.863 [main/SEVERE][GeneratedMethodAccessor34.invoke:-1] LoadingModule [uiplugin/control/modelControl][websquare.uiplugin.control.ModelControl][9850][5]
01/31 09:04:38.869 [main/SEVERE][GeneratedMethodAccessor34.invoke:-1] LoadingModule [uiplugin/control/xfControl][websquare.uiplugin.control.XfControl][34141][5]
01/31 09:04:38.874 [main/SEVERE][GeneratedMethodAccessor34.invoke:-1] LoadingModule [uiplugin/control/controlFactory][websquare.uiplugin.control.ControlFactory][9150][5]
01/31 09:04:38.876 [main/SEVERE][GeneratedMethodAccessor34.invoke:-1] LoadingModule [uiplugin/control/controlIterator][websquare.uiplugin.control.ControlIterator][79][5]
01/31 09:04:38.880 [main/SEVERE][GeneratedMethodAccessor34.invoke:-1] LoadingModule [uiplugin/control/executeHelper][websquare.uiplugin.control.ExecuteHelper][6906][5]
01/31 09:04:38.884 [main/SEVERE][GeneratedMethodAccessor34.invoke:-1] LoadingModule [uiplugin/balloonTip/balloonTip][websquare.uiplugin.balloonTip.BalloonTip][1954][5]
01/31 09:04:38.888 [main/SEVERE][GeneratedMethodAccessor34.invoke:-1] LoadingModule [uiplugin/control/controlManager][websquare.uiplugin.control.ControlManager][2775][5]
01/31 09:04:38.891 [main/SEVERE][GeneratedMethodAccessor34.invoke:-1] LoadingModule [engine/localStorage][websquare.engine.LocalStorage][4383][5]
01/31 09:04:38.895 [main/SEVERE][GeneratedMethodAccessor34.invoke:-1] LoadingModule [engine/big][websquare.engine.Big][4818][5]
01/31 09:04:38.898 [main/SEVERE][GeneratedMethodAccessor34.invoke:-1] LoadingModule [engine/api][websquare.engine.Api][3024][5]
01/31 09:04:38.902 [main/SEVERE][GeneratedMethodAccessor34.invoke:-1] LoadingModule [engine/initCSS][websquare.engine.InitCSS][8079][5]
01/31 09:04:38.908 [main/SEVERE][GeneratedMethodAccessor34.invoke:-1] LoadingModule [uiplugin/group/group][websquare.uiplugin.group.Group][26515][5]
01/31 09:04:38.913 [main/SEVERE][GeneratedMethodAccessor34.invoke:-1] LoadingModule [uiplugin/wframe/wframe][websquare.uiplugin.wframe.Wframe][54817][5]
01/31 09:04:38.917 [main/SEVERE][GeneratedMethodAccessor34.invoke:-1] LoadingModule [uiplugin/wframe/wframeDocument][websquare.uiplugin.wframe.WframeDocument][1831][5]
01/31 09:04:38.920 [main/SEVERE][GeneratedMethodAccessor34.invoke:-1] LoadingModule [uiplugin/wframe/wframeParser][websquare.uiplugin.wframe.WframeParser][2259][5]
01/31 09:04:38.923 [main/SEVERE][GeneratedMethodAccessor34.invoke:-1] LoadingModule [uiplugin/control/historyManager][websquare.uiplugin.control.HistoryManager][1553][5]
01/31 09:04:38.927 [main/SEVERE][GeneratedMethodAccessor34.invoke:-1] LoadingModule [uiplugin/control/itemsetControl][websquare.uiplugin.control.ItemsetControl][14407][5]
01/31 09:04:38.933 [main/SEVERE][GeneratedMethodAccessor34.invoke:-1] LoadingModule [uiplugin/dataList/dataController][websquare.uiplugin.dataList.DataController][73225][5]
01/31 09:04:38.938 [main/SEVERE][GeneratedMethodAccessor34.invoke:-1] LoadingModule [uiplugin/dataList/statusController][websquare.uiplugin.dataList.StatusController][24132][5]
01/31 09:04:38.941 [main/SEVERE][GeneratedMethodAccessor34.invoke:-1] LoadingModule [uiplugin/dataList/dataListCellController][websquare.uiplugin.dataList.DataListCellController][8245][5]
01/31 09:04:38.945 [main/SEVERE][GeneratedMethodAccessor34.invoke:-1] LoadingModule [uiplugin/dataList/dataListApiController][websquare.uiplugin.dataList.DataListApiController][33937][5]
01/31 09:04:38.949 [main/SEVERE][GeneratedMethodAccessor34.invoke:-1] LoadingModule [uiplugin/dataList/filterController][websquare.uiplugin.dataList.FilterController][12277][5]
01/31 09:04:38.954 [main/SEVERE][GeneratedMethodAccessor34.invoke:-1] LoadingModule [uiplugin/dataList/dataList][websquare.uiplugin.dataList.DataList][11030][5]
01/31 09:04:38.959 [main/SEVERE][GeneratedMethodAccessor34.invoke:-1] LoadingModule [uiplugin/dataMap/dataMapApiController][websquare.uiplugin.dataMap.DataMapApiController][17029][5]
01/31 09:04:38.963 [main/SEVERE][GeneratedMethodAccessor34.invoke:-1] LoadingModule [uiplugin/dataMap/dataMap][websquare.uiplugin.dataMap.DataMap][8431][5]
01/31 09:04:38.967 [main/SEVERE][GeneratedMethodAccessor34.invoke:-1] LoadingModule [uiplugin/linkedDataList/linkedFilterController][websquare.uiplugin.linkedDataList.LinkedFilterController][20257][5]
01/31 09:04:38.973 [main/SEVERE][GeneratedMethodAccessor34.invoke:-1] LoadingModule [uiplugin/linkedDataList/linkedDataListApiController][websquare.uiplugin.linkedDataList.LinkedDataListApiController][40678][5]
01/31 09:04:38.977 [main/SEVERE][GeneratedMethodAccessor34.invoke:-1] LoadingModule [uiplugin/linkedDataList/linkedDataList][websquare.uiplugin.linkedDataList.LinkedDataList][10117][5]
01/31 09:04:38.983 [main/SEVERE][GeneratedMethodAccessor34.invoke:-1] LoadingModule [uiplugin/aliasDataCollection/aliasDataList][websquare.uiplugin.aliasDataCollection.AliasDataList][7057][5]
01/31 09:04:38.986 [main/SEVERE][GeneratedMethodAccessor34.invoke:-1] LoadingModule [uiplugin/aliasDataCollection/aliasDataMap][websquare.uiplugin.aliasDataCollection.AliasDataMap][6887][5]
01/31 09:04:38.989 [main/SEVERE][GeneratedMethodAccessor34.invoke:-1] LoadingModule [uiplugin/aliasDataCollection/aliasLinkedDataList][websquare.uiplugin.aliasDataCollection.AliasLinkedDataList][6748][5]
01/31 09:04:38.994 [main/SEVERE][GeneratedMethodAccessor34.invoke:-1] LoadingModule [engine/initializer][websquare.engine.Initializer][26166][5]
01/31 09:04:39.000 [main/SEVERE][GeneratedMethodAccessor34.invoke:-1] LoadingModule [uiplugin/body/body][websquare.uiplugin.body.Body][24589][5]
01/31 09:04:39.004 [main/SEVERE][GeneratedMethodAccessor34.invoke:-1] LoadingModule [engine/formatter][websquare.engine.Formatter][7654][5]
01/31 09:04:39.012 [main/SEVERE][GeneratedMethodAccessor34.invoke:-1] LoadingModule [uiplugin/textbox/textbox][websquare.uiplugin.textbox.Textbox][14262][5]
01/31 09:04:39.018 [main/SEVERE][GeneratedMethodAccessor34.invoke:-1] LoadingModule [uiplugin/anchor/anchor][websquare.uiplugin.anchor.Anchor][6666][5]
01/31 09:04:39.022 [main/SEVERE][GeneratedMethodAccessor34.invoke:-1] LoadingModule [uiplugin/table/editableTable][websquare.uiplugin.table.EditableTable][3539][5]
01/31 09:04:39.026 [main/SEVERE][GeneratedMethodAccessor34.invoke:-1] LoadingModule [uiplugin/table/itemTable][websquare.uiplugin.table.ItemTable][42678][5]
01/31 09:04:39.029 [main/SEVERE][GeneratedMethodAccessor34.invoke:-1] LoadingModule [uiplugin/table/table][websquare.uiplugin.table.Table][3202][5]
01/31 09:04:39.035 [main/SEVERE][GeneratedMethodAccessor34.invoke:-1] LoadingModule [uiplugin/selectbox/selectbox][websquare.uiplugin.selectbox.Selectbox][72122][5]
01/31 09:04:39.040 [main/SEVERE][GeneratedMethodAccessor34.invoke:-1] LoadingModule [uiplugin/input/input][websquare.uiplugin.input.Input][69368][5]
01/31 09:04:39.045 [main/SEVERE][GeneratedMethodAccessor34.invoke:-1] LoadingModule [uiplugin/span/span][websquare.uiplugin.span.Span][9037][5]
01/31 09:04:39.055 [main/SEVERE][GeneratedMethodAccessor34.invoke:-1] LoadingModule [uiplugin/gridView/layoutController][websquare.uiplugin.gridView.LayoutController][168154][5]
01/31 09:04:39.062 [main/SEVERE][GeneratedMethodAccessor34.invoke:-1] LoadingModule [uiplugin/gridView/drawInitializer][websquare.uiplugin.gridView.DrawInitializer][22079][5]
01/31 09:04:39.069 [main/SEVERE][GeneratedMethodAccessor34.invoke:-1] LoadingModule [uiplugin/gridView/eventController][websquare.uiplugin.gridView.EventController][104888][5]
01/31 09:04:39.075 [main/SEVERE][GeneratedMethodAccessor34.invoke:-1] LoadingModule [uiplugin/gridView/keyEventController][websquare.uiplugin.gridView.KeyEventController][41596][5]
01/31 09:04:39.080 [main/SEVERE][GeneratedMethodAccessor34.invoke:-1] LoadingModule [uiplugin/gridView/mainDrawController][websquare.uiplugin.gridView.MainDrawController][21227][5]
01/31 09:04:39.087 [main/SEVERE][GeneratedMethodAccessor34.invoke:-1] LoadingModule [uiplugin/gridView/drawController][websquare.uiplugin.gridView.DrawController][64038][5]
01/31 09:04:39.097 [main/SEVERE][GeneratedMethodAccessor34.invoke:-1] LoadingModule [uiplugin/gridView/cellController][websquare.uiplugin.gridView.CellController][219101][5]
01/31 09:04:39.102 [main/SEVERE][GeneratedMethodAccessor34.invoke:-1] LoadingModule [uiplugin/gridView/headerController][websquare.uiplugin.gridView.HeaderController][38490][5]
01/31 09:04:39.106 [main/SEVERE][GeneratedMethodAccessor34.invoke:-1] LoadingModule [uiplugin/gridView/focusController][websquare.uiplugin.gridView.FocusController][23291][5]
01/31 09:04:39.111 [main/SEVERE][GeneratedMethodAccessor34.invoke:-1] LoadingModule [uiplugin/gridView/subtotalDataController][websquare.uiplugin.gridView.SubtotalDataController][14152][5]
01/31 09:04:39.115 [main/SEVERE][GeneratedMethodAccessor34.invoke:-1] LoadingModule [uiplugin/gridView/footerController][websquare.uiplugin.gridView.FooterController][20115][5]
01/31 09:04:39.126 [main/SEVERE][GeneratedMethodAccessor34.invoke:-1] LoadingModule [uiplugin/gridView/gridViewApiController][websquare.uiplugin.gridView.GridViewApiController][217489][5]
01/31 09:04:39.131 [main/SEVERE][GeneratedMethodAccessor34.invoke:-1] LoadingModule [uiplugin/gridView/styleController][websquare.uiplugin.gridView.StyleController][12619][5]
01/31 09:04:39.136 [main/SEVERE][GeneratedMethodAccessor34.invoke:-1] LoadingModule [uiplugin/helper/dateHelper][websquare.uiplugin.helper.DateHelper][5985][5]
01/31 09:04:39.143 [main/SEVERE][GeneratedMethodAccessor34.invoke:-1] LoadingModule [uiplugin/calendar/calendar][websquare.uiplugin.calendar.Calendar][87225][5]
01/31 09:04:39.150 [main/SEVERE][GeneratedMethodAccessor34.invoke:-1] LoadingModule [uiplugin/inputCalendar/inputCalendar][websquare.uiplugin.inputCalendar.InputCalendar][59341][5]
01/31 09:04:39.154 [main/SEVERE][GeneratedMethodAccessor34.invoke:-1] LoadingModule [uiplugin/textarea/textarea][websquare.uiplugin.textarea.Textarea][15016][5]
01/31 09:04:39.158 [main/SEVERE][GeneratedMethodAccessor34.invoke:-1] LoadingModule [uiplugin/helper/korHelper][websquare.uiplugin.helper.KorHelper][2758][5]
01/31 09:04:39.165 [main/SEVERE][GeneratedMethodAccessor34.invoke:-1] LoadingModule [uiplugin/checkcombobox/checkcombobox][websquare.uiplugin.checkcombobox.Checkcombobox][77849][5]
01/31 09:04:39.172 [main/SEVERE][GeneratedMethodAccessor34.invoke:-1] LoadingModule [uiplugin/autoComplete/autoComplete][websquare.uiplugin.autoComplete.AutoComplete][92230][5]
01/31 09:04:39.178 [main/SEVERE][GeneratedMethodAccessor34.invoke:-1] LoadingModule [uiplugin/scrollView/scrollView][websquare.uiplugin.scrollView.ScrollView][20664][5]
01/31 09:04:39.185 [main/SEVERE][GeneratedMethodAccessor34.invoke:-1] LoadingModule [uiplugin/list/list][websquare.uiplugin.list.List][32141][5]
01/31 09:04:39.192 [main/SEVERE][GeneratedMethodAccessor34.invoke:-1] LoadingModule [uiplugin/floatingLayer/floatingLayer][websquare.uiplugin.floatingLayer.FloatingLayer][18200][5]
01/31 09:04:39.197 [main/SEVERE][GeneratedMethodAccessor34.invoke:-1] LoadingModule [uiplugin/radio/radio][websquare.uiplugin.radio.Radio][22394][5]
01/31 09:04:39.203 [main/SEVERE][GeneratedMethodAccessor34.invoke:-1] LoadingModule [uiplugin/spinner/spinner][websquare.uiplugin.spinner.Spinner][20367][5]
01/31 09:04:39.207 [main/SEVERE][GeneratedMethodAccessor34.invoke:-1] LoadingModule [uiplugin/gridView/drilldown][websquare.uiplugin.gridView.Drilldown][12697][5]
01/31 09:04:39.214 [main/SEVERE][GeneratedMethodAccessor34.invoke:-1] LoadingModule [uiplugin/gridView/notifyController][websquare.uiplugin.gridView.NotifyController][24972][5]
01/31 09:04:39.221 [main/SEVERE][GeneratedMethodAccessor34.invoke:-1] LoadingModule [uiplugin/gridView/mappingController][websquare.uiplugin.gridView.MappingController][31284][5]
01/31 09:04:39.225 [main/SEVERE][GeneratedMethodAccessor34.invoke:-1] LoadingModule [uiplugin/gridView/linkedMappingController][websquare.uiplugin.gridView.LinkedMappingController][15568][5]
01/31 09:04:39.230 [main/SEVERE][GeneratedMethodAccessor34.invoke:-1] LoadingModule [uiplugin/gridView/gridView][websquare.uiplugin.gridView.GridView][27632][5]
01/31 09:04:39.235 [main/SEVERE][GeneratedMethodAccessor34.invoke:-1] LoadingModule [uiplugin/trigger/trigger][websquare.uiplugin.trigger.Trigger][10847][5]
01/31 09:04:39.239 [main/SEVERE][GeneratedMethodAccessor34.invoke:-1] LoadingModule [uiplugin/image/image][websquare.uiplugin.image.Image][3735][5]
01/31 09:04:39.245 [main/SEVERE][GeneratedMethodAccessor34.invoke:-1] LoadingModule [uiplugin/pageList/pageList][websquare.uiplugin.pageList.PageList][25865][5]
01/31 09:04:39.252 [main/SEVERE][GeneratedMethodAccessor34.invoke:-1] LoadingModule [uiplugin/tabControl/tabControl][websquare.uiplugin.tabControl.TabControl][77115][5]
01/31 09:04:39.260 [main/SEVERE][GeneratedMethodAccessor34.invoke:-1] LoadingModule [uiplugin/grid/grid][websquare.uiplugin.grid.Grid][1624][5]
01/31 09:04:39.268 [main/SEVERE][GeneratedMethodAccessor34.invoke:-1] LoadingModule [uiplugin/pageInherit/pageInherit][websquare.uiplugin.pageInherit.PageInherit][34419][5]
01/31 09:04:39.274 [main/SEVERE][GeneratedMethodAccessor34.invoke:-1] LoadingModule [uiplugin/generator/generator][websquare.uiplugin.generator.Generator][7402][5]
01/31 09:04:39.279 [main/SEVERE][GeneratedMethodAccessor34.invoke:-1] LoadingModule [uiplugin/upload/upload][websquare.uiplugin.upload.Upload][13213][5]
01/31 09:04:39.284 [main/SEVERE][GeneratedMethodAccessor34.invoke:-1] LoadingModule [uiplugin/treeview/tree][websquare.uiplugin.treeview.Tree][13501][5]
01/31 09:04:39.291 [main/SEVERE][GeneratedMethodAccessor34.invoke:-1] LoadingModule [uiplugin/treeview/virtualTree][websquare.uiplugin.treeview.VirtualTree][18522][5]
01/31 09:04:39.297 [main/SEVERE][GeneratedMethodAccessor34.invoke:-1] LoadingModule [uiplugin/treeview/virtualTreeView][websquare.uiplugin.treeview.VirtualTreeView][60406][5]
01/31 09:04:39.305 [main/SEVERE][GeneratedMethodAccessor34.invoke:-1] LoadingModule [uiplugin/treeview/treeview][websquare.uiplugin.treeview.Treeview][65829][5]
01/31 09:04:39.311 [main/SEVERE][GeneratedMethodAccessor34.invoke:-1] LoadingModule [uiplugin/checkbox/checkbox][websquare.uiplugin.checkbox.Checkbox][23683][5]
01/31 09:04:39.317 [main/SEVERE][GeneratedMethodAccessor34.invoke:-1] LoadingModule [uiplugin/output/output][websquare.uiplugin.output.Output][8712][5]
01/31 09:04:39.323 [main/SEVERE][GeneratedMethodAccessor34.invoke:-1] LoadingModule [uiplugin/html/tag][websquare.uiplugin.html.Tag][10016][5]
01/31 09:04:39.328 [main/SEVERE][GeneratedMethodAccessor34.invoke:-1] LoadingModule [uiplugin/iframe/iframe][websquare.uiplugin.iframe.Iframe][14433][5]
01/31 09:04:39.332 [main/SEVERE][GeneratedMethodAccessor34.invoke:-1] LoadingModule [uiplugin/input/basicInput][websquare.uiplugin.input.BasicInput][7393][5]
01/31 09:04:39.335 [main/SEVERE][GeneratedMethodAccessor34.invoke:-1] LoadingModule [uiplugin/layer/layer][websquare.uiplugin.layer.Layer][839][5]
01/31 09:04:39.339 [main/SEVERE][GeneratedMethodAccessor34.invoke:-1] LoadingModule [uiplugin/submit/submit][websquare.uiplugin.submit.Submit][1742][5]
01/31 09:04:39.342 [main/SEVERE][GeneratedMethodAccessor34.invoke:-1] LoadingModule [uiplugin/template/template][websquare.uiplugin.template.Template][1336][5]
01/31 09:04:39.347 [main/SEVERE][GeneratedMethodAccessor34.invoke:-1] LoadingModule [uiplugin/repeat/repeat][websquare.uiplugin.repeat.Repeat][5673][5]
01/31 09:04:39.351 [main/SEVERE][GeneratedMethodAccessor34.invoke:-1] LoadingModule [uiplugin/graphicUtil/svgToolkit][websquare.uiplugin.graphicUtil.SvgToolkit][9936][5]
01/31 09:04:39.356 [main/SEVERE][GeneratedMethodAccessor34.invoke:-1] LoadingModule [uiplugin/graphicUtil/vmlToolkit][websquare.uiplugin.graphicUtil.VmlToolkit][9590][5]
01/31 09:04:39.359 [main/SEVERE][GeneratedMethodAccessor34.invoke:-1] LoadingModule [uiplugin/graphicUtil/graphicUtil][websquare.uiplugin.graphicUtil.GraphicUtil][2065][5]
01/31 09:04:39.362 [main/SEVERE][GeneratedMethodAccessor34.invoke:-1] LoadingModule [uiplugin/rectangle/rectangle][websquare.uiplugin.rectangle.Rectangle][1750][5]
01/31 09:04:39.366 [main/SEVERE][GeneratedMethodAccessor34.invoke:-1] LoadingModule [uiplugin/roundRectangle/roundRectangle][websquare.uiplugin.roundRectangle.RoundRectangle][2507][5]
01/31 09:04:39.372 [main/SEVERE][GeneratedMethodAccessor34.invoke:-1] LoadingModule [uiplugin/multiselect/multiselect][websquare.uiplugin.multiselect.Multiselect][13415][5]
01/31 09:04:39.378 [main/SEVERE][GeneratedMethodAccessor34.invoke:-1] LoadingModule [uiplugin/Switch/Switch][websquare.uiplugin.Switch.Switch][16236][5]
01/31 09:04:39.384 [main/SEVERE][GeneratedMethodAccessor34.invoke:-1] LoadingModule [uiplugin/tabContainer/tabContainer][websquare.uiplugin.tabContainer.TabContainer][16741][5]
01/31 09:04:39.387 [main/SEVERE][GeneratedMethodAccessor34.invoke:-1] LoadingModule [uiplugin/slideHide/slideHide][websquare.uiplugin.slideHide.SlideHide][10507][5]
01/31 09:04:39.391 [main/SEVERE][GeneratedMethodAccessor34.invoke:-1] LoadingModule [uiplugin/taskManager/taskManager][websquare.uiplugin.taskManager.TaskManager][2942][5]
01/31 09:04:39.394 [main/SEVERE][GeneratedMethodAccessor34.invoke:-1] LoadingModule [uiplugin/xhtml/xhtml][websquare.uiplugin.xhtml.Xhtml][837][5]
01/31 09:04:39.398 [main/SEVERE][GeneratedMethodAccessor34.invoke:-1] LoadingModule [uiplugin/xsl/xsl][websquare.uiplugin.xsl.Xsl][1694][5]
01/31 09:04:39.403 [main/SEVERE][GeneratedMethodAccessor34.invoke:-1] LoadingModule [uiplugin/menu/menu][websquare.uiplugin.menu.Menu][24344][5]
01/31 09:04:39.409 [main/SEVERE][GeneratedMethodAccessor34.invoke:-1] LoadingModule [uiplugin/window/window][websquare.uiplugin.window.Window][46372][5]
01/31 09:04:39.416 [main/SEVERE][GeneratedMethodAccessor34.invoke:-1] LoadingModule [uiplugin/windowContainer/windowContainer][websquare.uiplugin.windowContainer.WindowContainer][87469][5]
01/31 09:04:39.420 [main/SEVERE][GeneratedMethodAccessor34.invoke:-1] LoadingModule [uiplugin/gridView/dataFilter][websquare.uiplugin.gridView.DataFilter][16115][5]
01/31 09:04:39.423 [main/SEVERE][GeneratedMethodAccessor34.invoke:-1] LoadingModule [uiplugin/article/article][websquare.uiplugin.article.Article][71][5]
01/31 09:04:39.425 [main/SEVERE][GeneratedMethodAccessor34.invoke:-1] LoadingModule [uiplugin/aside/aside][websquare.uiplugin.aside.Aside][67][5]
01/31 09:04:39.430 [main/SEVERE][GeneratedMethodAccessor34.invoke:-1] LoadingModule [uiplugin/audio/audio][websquare.uiplugin.audio.Audio][67][5]
01/31 09:04:39.434 [main/SEVERE][GeneratedMethodAccessor34.invoke:-1] LoadingModule [uiplugin/canvas/canvas][websquare.uiplugin.canvas.Canvas][69][5]
01/31 09:04:39.438 [main/SEVERE][GeneratedMethodAccessor34.invoke:-1] LoadingModule [uiplugin/footer/footer][websquare.uiplugin.footer.Footer][69][5]
01/31 09:04:39.441 [main/SEVERE][GeneratedMethodAccessor34.invoke:-1] LoadingModule [uiplugin/header/header][websquare.uiplugin.header.Header][69][5]
01/31 09:04:39.445 [main/SEVERE][GeneratedMethodAccessor34.invoke:-1] LoadingModule [uiplugin/nav/nav][websquare.uiplugin.nav.Nav][63][5]
01/31 09:04:39.448 [main/SEVERE][GeneratedMethodAccessor34.invoke:-1] LoadingModule [uiplugin/section/section][websquare.uiplugin.section.Section][71][5]
01/31 09:04:39.451 [main/SEVERE][GeneratedMethodAccessor34.invoke:-1] LoadingModule [uiplugin/video/video][websquare.uiplugin.video.Video][67][5]
01/31 09:04:39.456 [main/SEVERE][GeneratedMethodAccessor34.invoke:-1] LoadingModule [uiplugin/layout/layout][websquare.uiplugin.layout.Layout][12908][5]
01/31 09:04:39.460 [main/SEVERE][GeneratedMethodAccessor34.invoke:-1] LoadingModule [uiplugin/table/tableLayout][websquare.uiplugin.table.TableLayout][73][5]
01/31 09:04:39.465 [main/SEVERE][GeneratedMethodAccessor34.invoke:-1] LoadingModule [uiplugin/gridLayout/gridLayout][websquare.uiplugin.gridLayout.GridLayout][22836][5]
01/31 09:04:39.469 [main/SEVERE][GeneratedMethodAccessor34.invoke:-1] LoadingModule [uiplugin/pivotTable/pivotTable][websquare.uiplugin.pivotTable.PivotTable][6259][5]
01/31 09:04:39.473 [main/SEVERE][GeneratedMethodAccessor34.invoke:-1] LoadingModule [uiplugin/fwFunnelChart/fwFunnelChart][websquare.uiplugin.fwFunnelChart.FwFunnelChart][9174][5]
01/31 09:04:39.479 [main/SEVERE][GeneratedMethodAccessor34.invoke:-1] LoadingModule [uiplugin/fwPyramidChart/fwPyramidChart][websquare.uiplugin.fwPyramidChart.FwPyramidChart][9160][5]
01/31 09:04:39.489 [main/SEVERE][GeneratedMethodAccessor34.invoke:-1] LoadingModule [uiplugin/fwSparkChart/fwSparkChart][websquare.uiplugin.fwSparkChart.FwSparkChart][8707][5]
01/31 09:04:39.494 [main/SEVERE][GeneratedMethodAccessor34.invoke:-1] LoadingModule [uiplugin/fwGaugeChart/fwGaugeChart][websquare.uiplugin.fwGaugeChart.FwGaugeChart][13337][5]
01/31 09:04:39.499 [main/SEVERE][GeneratedMethodAccessor34.invoke:-1] LoadingModule [uiplugin/fwGanttChart/fwGanttChart][websquare.uiplugin.fwGanttChart.FwGanttChart][9400][5]
01/31 09:04:39.504 [main/SEVERE][GeneratedMethodAccessor34.invoke:-1] LoadingModule [uiplugin/fwRealtimeChart/fwRealtimeChart][websquare.uiplugin.fwRealtimeChart.FwRealtimeChart][12137][5]
01/31 09:04:39.508 [main/SEVERE][GeneratedMethodAccessor34.invoke:-1] LoadingModule [uiplugin/fwBulletChart/fwBulletChart][websquare.uiplugin.fwBulletChart.FwBulletChart][5652][5]
01/31 09:04:39.512 [main/SEVERE][GeneratedMethodAccessor34.invoke:-1] LoadingModule [uiplugin/accordion/accordion][websquare.uiplugin.accordion.Accordion][12662][5]
01/31 09:04:39.532 [main/SEVERE][GeneratedMethodAccessor34.invoke:-1] LoadingModule [uiplugin/scheduleCalendar/scheduleCalendar][websquare.uiplugin.scheduleCalendar.ScheduleCalendar][20214][5]
01/31 09:04:39.535 [main/SEVERE][GeneratedMethodAccessor34.invoke:-1] LoadingModule [uiplugin/progressbar/progressbar][websquare.uiplugin.progressbar.Progressbar][4135][5]
01/31 09:04:39.541 [main/SEVERE][GeneratedMethodAccessor34.invoke:-1] LoadingModule [uiplugin/widgetContainer/widgetContainer][websquare.uiplugin.widgetContainer.WidgetContainer][35904][5]
01/31 09:04:39.546 [main/SEVERE][GeneratedMethodAccessor34.invoke:-1] LoadingModule [uiplugin/multiupload/multiupload][websquare.uiplugin.multiupload.Multiupload][32534][5]
01/31 09:04:39.550 [main/SEVERE][GeneratedMethodAccessor34.invoke:-1] LoadingModule [uiplugin/spinPicker/spinPicker][websquare.uiplugin.spinPicker.SpinPicker][8304][5]
01/31 09:04:39.554 [main/SEVERE][GeneratedMethodAccessor34.invoke:-1] LoadingModule [uiplugin/datePicker/datePicker][websquare.uiplugin.datePicker.DatePicker][7385][5]
01/31 09:04:39.558 [main/SEVERE][GeneratedMethodAccessor34.invoke:-1] LoadingModule [uiplugin/slider/slider][websquare.uiplugin.slider.Slider][23988][5]
01/31 09:04:39.562 [main/SEVERE][GeneratedMethodAccessor34.invoke:-1] LoadingModule [uiplugin/searchbox/searchbox][websquare.uiplugin.searchbox.Searchbox][8070][5]
01/31 09:04:39.566 [main/SEVERE][GeneratedMethodAccessor34.invoke:-1] LoadingModule [uiplugin/fliptoggle/fliptoggle][websquare.uiplugin.fliptoggle.Fliptoggle][10540][5]
01/31 09:04:39.569 [main/SEVERE][GeneratedMethodAccessor34.invoke:-1] LoadingModule [uiplugin/pageControl/pageControl][websquare.uiplugin.pageControl.PageControl][9329][5]
01/31 09:04:39.574 [main/SEVERE][GeneratedMethodAccessor34.invoke:-1] LoadingModule [uiplugin/panelContainer/panelContainer][websquare.uiplugin.panelContainer.PanelContainer][8035][5]
01/31 09:05:13.929 [http-nio-8080-exec-5/INFO][GeneratedMethodAccessor34.invoke:-1] [WebSquareConfig.getStringValue] key[//engineType/@etag] value[support] defaultValue[support]
01/31 09:05:14.096 [http-nio-8080-exec-1/INFO][GeneratedMethodAccessor34.invoke:-1] [WebSquareConfig.getStringValue] key[//date/encoding/@value] value[] defaultValue[UTF-8]
01/31 09:34:15.920 [http-nio-8080-exec-7/INFO][GeneratedMethodAccessor34.invoke:-1] [WebSquareConfig.getStringValue] key[//excel/download/mobile/userAgent/@value] value[] defaultValue[]
01/31 09:34:15.921 [http-nio-8080-exec-7/INFO][GeneratedMethodAccessor34.invoke:-1] [WebSquareConfig.getStringValue] key[//excel/download/xmlEncode/@value] value[] defaultValue[]
01/31 09:34:15.922 [http-nio-8080-exec-7/INFO][GeneratedMethodAccessor34.invoke:-1] [WebSquareConfig.getStringValue] key[//excel/download/dataXMLProvider/@value] value[] defaultValue[]
01/31 09:34:15.922 [http-nio-8080-exec-7/INFO][GeneratedMethodAccessor34.invoke:-1] [WebSquareConfig.getStringValue] key[//excel/download/dataXMLProvider/@pattern] value[] defaultValue[]
01/31 09:34:15.956 [http-nio-8080-exec-7/INFO][GeneratedMethodAccessor34.invoke:-1] [GridXmlInfo.initXmlInfo][grid/gridView ID] : testGrid
01/31 09:34:15.957 [http-nio-8080-exec-7/INFO][GeneratedMethodAccessor34.invoke:-1] [GridXmlInfo.initData][Non-Provider] : 48
01/31 09:34:15.959 [http-nio-8080-exec-7/INFO][GeneratedMethodAccessor34.invoke:-1] [WebSquareConfig.getStringValue] key[//excel/headerColor/@value] value[] defaultValue[]
01/31 09:34:15.959 [http-nio-8080-exec-7/INFO][GeneratedMethodAccessor34.invoke:-1] [WebSquareConfig.getStringValue] key[//excel/bodyColor/@value] value[] defaultValue[]
01/31 09:34:15.959 [http-nio-8080-exec-7/INFO][GeneratedMethodAccessor34.invoke:-1] [WebSquareConfig.getStringValue] key[//excel/footerColor/@value] value[] defaultValue[]
01/31 09:34:15.960 [http-nio-8080-exec-7/INFO][GeneratedMethodAccessor34.invoke:-1] [WebSquareConfig.getStringValue] key[//excel/subtotalColor/@value] value[] defaultValue[]
01/31 09:34:15.971 [http-nio-8080-exec-7/INFO][GeneratedMethodAccessor34.invoke:-1] [WebSquareConfig.getStringValue] key[//excel/download/rowAccessWindowSize/@value] value[] defaultValue[100]
01/31 09:34:16.262 [http-nio-8080-exec-7/INFO][GeneratedMethodAccessor34.invoke:-1] [WebSquareConfig.getStringValue] key[//excel/download/dataConvertor/@value] value[] defaultValue[]
01/31 09:34:16.396 [http-nio-8080-exec-7/SEVERE][GeneratedMethodAccessor34.invoke:-1] [ExcelDocument] Header rows : [1], Body rows : [12], SubTotal rows : [0], Footer rows : 0
01/31 09:34:16.396 [http-nio-8080-exec-7/INFO][GeneratedMethodAccessor34.invoke:-1] [GridXmlInfo.initXmlInfo][grid/gridView ID] : subGrid
01/31 09:34:16.397 [http-nio-8080-exec-7/INFO][GeneratedMethodAccessor34.invoke:-1] [GridXmlInfo.initData][Non-Provider] : 15
01/31 09:34:16.423 [http-nio-8080-exec-7/SEVERE][GeneratedMethodAccessor34.invoke:-1] [ExcelDocument] Header rows : [1], Body rows : [3], SubTotal rows : [0], Footer rows : 0
01/31 09:34:16.504 [http-nio-8080-exec-7/SEVERE][GeneratedMethodAccessor34.invoke:-1] # Download File : GridViews_down.xlsx# File Size : [5182] byte
01/31 09:34:16.505 [http-nio-8080-exec-7/INFO][GeneratedMethodAccessor34.invoke:-1] [WebSquareConfig.getStringValue] key[//excel/download/mobile/definer/@value] value[] defaultValue[]
01/31 09:34:16.505 [http-nio-8080-exec-7/INFO][GeneratedMethodAccessor34.invoke:-1] [WebSquareConfig.getStringValue] key[//csv/download/mobile/definer/@value] value[] defaultValue[]
01/31 09:34:16.506 [http-nio-8080-exec-7/INFO][GeneratedMethodAccessor34.invoke:-1] [WebSquareConfig.getStringValue] key[//excel/download/fileNameDefiner/@value] value[] defaultValue[]
01/31 09:34:16.506 [http-nio-8080-exec-7/SEVERE][GeneratedMethodAccessor34.invoke:-1] [MobileExcelManager.initialize] ###################initialize MobileExcelManager#####################
01/31 09:34:16.506 [http-nio-8080-exec-7/SEVERE][GeneratedMethodAccessor34.invoke:-1] [MobileExcelManager.initialize] MobileExcelManager.definerName : 
01/31 09:34:16.506 [http-nio-8080-exec-7/SEVERE][GeneratedMethodAccessor34.invoke:-1] [MobileExcelManager.initialize] MobileExcelManager.excelFileNameDefiner : 
01/31 09:34:16.506 [http-nio-8080-exec-7/SEVERE][GeneratedMethodAccessor34.invoke:-1] [MobileExcelManager.initialize] ##################################################################
01/31 09:34:16.507 [http-nio-8080-exec-7/INFO][GeneratedMethodAccessor34.invoke:-1] [WebSquareConfig.getStringValue] key[//dispatcher/post/encoding/@value] value[ISO8859-1] defaultValue[ISO-8859-1]
01/31 09:34:16.508 [http-nio-8080-exec-7/INFO][GeneratedMethodAccessor34.invoke:-1] [WebSquareConfig.getStringValue] key[//excel/download/encrypt/@value] value[] defaultValue[]
01/31 09:34:16.509 [http-nio-8080-exec-7/INFO][GeneratedMethodAccessor34.invoke:-1] [WebSquareConfig.getStringValue] key[//csv/download/encrypt/@value] value[] defaultValue[]
01/31 09:34:16.509 [http-nio-8080-exec-7/SEVERE][GeneratedMethodAccessor34.invoke:-1] [DownloadFileManager.initialize] ###################initialize DownloadFileManager#####################
01/31 09:34:16.509 [http-nio-8080-exec-7/SEVERE][GeneratedMethodAccessor34.invoke:-1] [DownloadFileManager.initialize] DownloadFileManager.downloadEngrypterName : 
01/31 09:34:16.510 [http-nio-8080-exec-7/SEVERE][GeneratedMethodAccessor34.invoke:-1] [DownloadFileManager.initialize] ##################################################################
01/31 09:35:06.618 [http-nio-8080-exec-8/INFO][GeneratedMethodAccessor34.invoke:-1] [GridXmlInfo.initXmlInfo][grid/gridView ID] : testGrid
01/31 09:35:06.618 [http-nio-8080-exec-8/INFO][GeneratedMethodAccessor34.invoke:-1] [GridXmlInfo.initData][Non-Provider] : 48
01/31 09:35:06.629 [http-nio-8080-exec-8/SEVERE][GeneratedMethodAccessor34.invoke:-1] [ExcelDocument] Header rows : [1], Body rows : [12], SubTotal rows : [0], Footer rows : 0
01/31 09:35:06.629 [http-nio-8080-exec-8/INFO][GeneratedMethodAccessor34.invoke:-1] [GridXmlInfo.initXmlInfo][grid/gridView ID] : subGrid
01/31 09:35:06.629 [http-nio-8080-exec-8/INFO][GeneratedMethodAccessor34.invoke:-1] [GridXmlInfo.initData][Non-Provider] : 5
01/31 09:35:06.635 [http-nio-8080-exec-8/SEVERE][GeneratedMethodAccessor34.invoke:-1] [ExcelDocument] Header rows : [1], Body rows : [1], SubTotal rows : [0], Footer rows : 0
01/31 09:35:06.654 [http-nio-8080-exec-8/SEVERE][GeneratedMethodAccessor34.invoke:-1] # Download File : GridViews_down.xlsx# File Size : [5007] byte
01/31 09:36:06.305 [http-nio-8080-exec-9/INFO][GeneratedMethodAccessor34.invoke:-1] [GridXmlInfo.initXmlInfo][grid/gridView ID] : testGrid
01/31 09:36:06.306 [http-nio-8080-exec-9/INFO][GeneratedMethodAccessor34.invoke:-1] [GridXmlInfo.initData][Non-Provider] : 48
01/31 09:36:06.313 [http-nio-8080-exec-9/SEVERE][GeneratedMethodAccessor34.invoke:-1] [ExcelDocument] Header rows : [1], Body rows : [12], SubTotal rows : [0], Footer rows : 0
01/31 09:36:06.314 [http-nio-8080-exec-9/INFO][GeneratedMethodAccessor34.invoke:-1] [GridXmlInfo.initXmlInfo][grid/gridView ID] : subGrid
01/31 09:36:06.314 [http-nio-8080-exec-9/INFO][GeneratedMethodAccessor34.invoke:-1] [GridXmlInfo.initData][Non-Provider] : 5
01/31 09:36:06.321 [http-nio-8080-exec-9/SEVERE][GeneratedMethodAccessor34.invoke:-1] [ExcelDocument] Header rows : [1], Body rows : [1], SubTotal rows : [0], Footer rows : 0
01/31 09:36:06.339 [http-nio-8080-exec-9/SEVERE][GeneratedMethodAccessor34.invoke:-1] # Download File : GridViews_down.xlsx# File Size : [5006] byte
01/31 09:36:57.245 [http-nio-8080-exec-1/INFO][GeneratedMethodAccessor34.invoke:-1] [GridXmlInfo.initXmlInfo][grid/gridView ID] : testGrid
01/31 09:36:57.246 [http-nio-8080-exec-1/INFO][GeneratedMethodAccessor34.invoke:-1] [GridXmlInfo.initData][Non-Provider] : 48
01/31 09:36:57.254 [http-nio-8080-exec-1/SEVERE][GeneratedMethodAccessor34.invoke:-1] [ExcelDocument] Header rows : [1], Body rows : [12], SubTotal rows : [0], Footer rows : 0
01/31 09:36:57.254 [http-nio-8080-exec-1/INFO][GeneratedMethodAccessor34.invoke:-1] [GridXmlInfo.initXmlInfo][grid/gridView ID] : subGrid
01/31 09:36:57.254 [http-nio-8080-exec-1/INFO][GeneratedMethodAccessor34.invoke:-1] [GridXmlInfo.initData][Non-Provider] : 5
01/31 09:36:57.260 [http-nio-8080-exec-1/SEVERE][GeneratedMethodAccessor34.invoke:-1] [ExcelDocument] Header rows : [1], Body rows : [1], SubTotal rows : [0], Footer rows : 0
01/31 09:36:57.277 [http-nio-8080-exec-1/SEVERE][GeneratedMethodAccessor34.invoke:-1] # Download File : GridViews_down.xlsx# File Size : [4898] byte
01/31 09:38:02.971 [http-nio-8080-exec-8/INFO][GeneratedMethodAccessor34.invoke:-1] [GridXmlInfo.initXmlInfo][grid/gridView ID] : testGrid
01/31 09:38:02.972 [http-nio-8080-exec-8/INFO][GeneratedMethodAccessor34.invoke:-1] [GridXmlInfo.initData][Non-Provider] : 48
01/31 09:38:02.976 [http-nio-8080-exec-8/SEVERE][GeneratedMethodAccessor34.invoke:-1] [ExcelDocument] Header rows : [1], Body rows : [12], SubTotal rows : [0], Footer rows : 0
01/31 09:38:02.976 [http-nio-8080-exec-8/INFO][GeneratedMethodAccessor34.invoke:-1] [GridXmlInfo.initXmlInfo][grid/gridView ID] : subGrid
01/31 09:38:02.976 [http-nio-8080-exec-8/INFO][GeneratedMethodAccessor34.invoke:-1] [GridXmlInfo.initData][Non-Provider] : 5
01/31 09:38:02.979 [http-nio-8080-exec-8/SEVERE][GeneratedMethodAccessor34.invoke:-1] [ExcelDocument] Header rows : [1], Body rows : [1], SubTotal rows : [0], Footer rows : 0
01/31 09:38:02.990 [http-nio-8080-exec-8/SEVERE][GeneratedMethodAccessor34.invoke:-1] # Download File : GridViews_down.xlsx# File Size : [4897] byte
01/31 09:38:27.814 [http-nio-8080-exec-10/INFO][GeneratedMethodAccessor34.invoke:-1] [GridXmlInfo.initXmlInfo][grid/gridView ID] : testGrid
01/31 09:38:27.815 [http-nio-8080-exec-10/INFO][GeneratedMethodAccessor34.invoke:-1] [GridXmlInfo.initData][Non-Provider] : 48
01/31 09:38:27.822 [http-nio-8080-exec-10/SEVERE][GeneratedMethodAccessor34.invoke:-1] [ExcelDocument] Header rows : [1], Body rows : [12], SubTotal rows : [0], Footer rows : 0
01/31 09:38:27.822 [http-nio-8080-exec-10/INFO][GeneratedMethodAccessor34.invoke:-1] [GridXmlInfo.initXmlInfo][grid/gridView ID] : subGrid
01/31 09:38:27.822 [http-nio-8080-exec-10/INFO][GeneratedMethodAccessor34.invoke:-1] [GridXmlInfo.parseArrayDataBySeparator] [[]]
01/31 09:38:27.822 [http-nio-8080-exec-10/INFO][GeneratedMethodAccessor34.invoke:-1] [GridXmlInfo.initData][Non-Provider] : 1
01/31 09:38:27.825 [http-nio-8080-exec-10/SEVERE][GeneratedMethodAccessor34.invoke:-1] [ExcelDocument] Header rows : [1], Body rows : [0], SubTotal rows : [0], Footer rows : 0
01/31 09:38:27.840 [http-nio-8080-exec-10/SEVERE][GeneratedMethodAccessor34.invoke:-1] # Download File : GridViews_down.xlsx# File Size : [4788] byte
01/31 11:00:32.582 [http-nio-8080-exec-8/SEVERE][GeneratedMethodAccessor34.invoke:-1] LoadingModule [uiplugin/popup][websquare.uiplugin.popup.Popup][6502][5]
01/31 11:00:32.961 [http-nio-8080-exec-6/SEVERE][GeneratedMethodAccessor34.invoke:-1] LoadingModule [uiplugin/fusionchart][websquare.uiplugin.fusionchart.Fusionchart][7412][5]
01/31 11:28:09.222 [http-nio-8080-exec-2/INFO][GeneratedMethodAccessor34.invoke:-1] [GridXmlInfo.initXmlInfo][grid/gridView ID] : testGrid
01/31 11:28:09.222 [http-nio-8080-exec-2/INFO][GeneratedMethodAccessor34.invoke:-1] [GridXmlInfo.initData][Non-Provider] : 40
01/31 11:28:09.229 [http-nio-8080-exec-2/SEVERE][GeneratedMethodAccessor34.invoke:-1] [ExcelDocument] Header rows : [1], Body rows : [10], SubTotal rows : [0], Footer rows : 0
01/31 11:28:09.256 [http-nio-8080-exec-2/SEVERE][GeneratedMethodAccessor34.invoke:-1] # Download File : base.xlsx# File Size : [3879] byte
01/31 11:28:30.871 [http-nio-8080-exec-5/INFO][GeneratedMethodAccessor34.invoke:-1] [GridXmlInfo.initXmlInfo][grid/gridView ID] : testGrid
01/31 11:28:30.871 [http-nio-8080-exec-5/INFO][GeneratedMethodAccessor34.invoke:-1] [GridXmlInfo.initData][Non-Provider] : 40
01/31 11:28:30.875 [http-nio-8080-exec-5/SEVERE][GeneratedMethodAccessor34.invoke:-1] [ExcelDocument] Header rows : [1], Body rows : [10], SubTotal rows : [0], Footer rows : 0
01/31 11:28:30.889 [http-nio-8080-exec-5/SEVERE][GeneratedMethodAccessor34.invoke:-1] # Download File : base.xlsx# File Size : [4114] byte
01/31 11:28:45.145 [http-nio-8080-exec-5/INFO][GeneratedMethodAccessor34.invoke:-1] [GridXmlInfo.initXmlInfo][grid/gridView ID] : testGrid
01/31 11:28:45.145 [http-nio-8080-exec-5/INFO][GeneratedMethodAccessor34.invoke:-1] [GridXmlInfo.initData][Non-Provider] : 40
01/31 11:28:45.151 [http-nio-8080-exec-5/SEVERE][GeneratedMethodAccessor34.invoke:-1] [ExcelDocument] Header rows : [1], Body rows : [10], SubTotal rows : [0], Footer rows : 0
01/31 11:28:45.174 [http-nio-8080-exec-5/SEVERE][GeneratedMethodAccessor34.invoke:-1] # Download File : base.xlsx# File Size : [4028] byte
01/31 11:29:45.843 [http-nio-8080-exec-4/INFO][GeneratedMethodAccessor34.invoke:-1] [GridXmlInfo.initXmlInfo][grid/gridView ID] : testGrid
01/31 11:29:45.967 [http-nio-8080-exec-4/INFO][GeneratedMethodAccessor34.invoke:-1] [GridXmlInfo.initData][Provider] : 48
01/31 11:29:45.976 [http-nio-8080-exec-4/SEVERE][GeneratedMethodAccessor34.invoke:-1] [ExcelDocument] Header rows : [1], Body rows : [12], SubTotal rows : [0], Footer rows : 0
01/31 11:29:45.990 [http-nio-8080-exec-4/SEVERE][GeneratedMethodAccessor34.invoke:-1] # Download File : provider.xlsx# File Size : [4254] byte
01/31 11:29:58.378 [http-nio-8080-exec-9/INFO][GeneratedMethodAccessor34.invoke:-1] [GridXmlInfo.initXmlInfo][grid/gridView ID] : testGrid
01/31 11:29:58.378 [http-nio-8080-exec-9/INFO][GeneratedMethodAccessor34.invoke:-1] [GridXmlInfo.initData][Non-Provider] : 40
01/31 11:29:58.381 [http-nio-8080-exec-9/SEVERE][GeneratedMethodAccessor34.invoke:-1] [ExcelDocument] Header rows : [1], Body rows : [10], SubTotal rows : [0], Footer rows : 0
01/31 11:29:58.381 [http-nio-8080-exec-9/INFO][GeneratedMethodAccessor34.invoke:-1] [GridXmlInfo.initXmlInfo][grid/gridView ID] : subGrid
01/31 11:29:58.381 [http-nio-8080-exec-9/INFO][GeneratedMethodAccessor34.invoke:-1] [GridXmlInfo.parseArrayDataBySeparator] [[]]
01/31 11:29:58.381 [http-nio-8080-exec-9/INFO][GeneratedMethodAccessor34.invoke:-1] [GridXmlInfo.initData][Non-Provider] : 1
01/31 11:29:58.385 [http-nio-8080-exec-9/SEVERE][GeneratedMethodAccessor34.invoke:-1] [ExcelDocument] Header rows : [1], Body rows : [0], SubTotal rows : [0], Footer rows : 0
01/31 11:29:58.400 [http-nio-8080-exec-9/SEVERE][GeneratedMethodAccessor34.invoke:-1] # Download File : GridViews_down.xlsx# File Size : [4647] byte
01/31 11:40:09.788 [http-nio-8080-exec-8/INFO][GeneratedMethodAccessor34.invoke:-1] [GridXmlInfo.initXmlInfo][grid/gridView ID] : testGrid
01/31 11:40:09.788 [http-nio-8080-exec-8/INFO][GeneratedMethodAccessor34.invoke:-1] [GridXmlInfo.initData][Non-Provider] : 8
01/31 11:40:09.792 [http-nio-8080-exec-8/SEVERE][GeneratedMethodAccessor34.invoke:-1] [ExcelDocument] Header rows : [1], Body rows : [2], SubTotal rows : [0], Footer rows : 0
01/31 11:40:09.809 [http-nio-8080-exec-8/SEVERE][GeneratedMethodAccessor34.invoke:-1] # Download File : base.xlsx# File Size : [3860] byte
01/31 11:40:43.225 [http-nio-8080-exec-4/INFO][GeneratedMethodAccessor34.invoke:-1] [GridXmlInfo.initXmlInfo][grid/gridView ID] : testGrid
01/31 11:40:43.350 [http-nio-8080-exec-4/INFO][GeneratedMethodAccessor34.invoke:-1] [GridXmlInfo.initData][Provider] : 48
01/31 11:40:43.358 [http-nio-8080-exec-4/SEVERE][GeneratedMethodAccessor34.invoke:-1] [ExcelDocument] Header rows : [1], Body rows : [12], SubTotal rows : [0], Footer rows : 0
01/31 11:40:43.371 [http-nio-8080-exec-4/SEVERE][GeneratedMethodAccessor34.invoke:-1] # Download File : provider.xlsx# File Size : [4254] byte
01/31 11:50:00.384 [http-nio-8080-exec-6/INFO][GeneratedMethodAccessor34.invoke:-1] [GridXmlInfo.initXmlInfo][grid/gridView ID] : testGrid
01/31 11:50:00.384 [http-nio-8080-exec-6/INFO][GeneratedMethodAccessor34.invoke:-1] [GridXmlInfo.initData][Non-Provider] : 40
01/31 11:50:00.389 [http-nio-8080-exec-6/SEVERE][GeneratedMethodAccessor34.invoke:-1] [ExcelDocument] Header rows : [1], Body rows : [10], SubTotal rows : [0], Footer rows : 0
01/31 11:50:00.389 [http-nio-8080-exec-6/INFO][GeneratedMethodAccessor34.invoke:-1] [GridXmlInfo.initXmlInfo][grid/gridView ID] : subGrid
01/31 11:50:00.390 [http-nio-8080-exec-6/INFO][GeneratedMethodAccessor34.invoke:-1] [GridXmlInfo.initData][Non-Provider] : 5
01/31 11:50:00.394 [http-nio-8080-exec-6/SEVERE][GeneratedMethodAccessor34.invoke:-1] [ExcelDocument] Header rows : [1], Body rows : [1], SubTotal rows : [0], Footer rows : 0
01/31 11:50:00.424 [http-nio-8080-exec-6/SEVERE][GeneratedMethodAccessor34.invoke:-1] # Download File : GridViews_down.xlsx# File Size : [4925] byte
01/31 11:50:15.168 [http-nio-8080-exec-2/INFO][GeneratedMethodAccessor34.invoke:-1] [GridXmlInfo.initXmlInfo][grid/gridView ID] : testGrid
01/31 11:50:15.169 [http-nio-8080-exec-2/INFO][GeneratedMethodAccessor34.invoke:-1] [GridXmlInfo.initData][Non-Provider] : 40
01/31 11:50:15.172 [http-nio-8080-exec-2/SEVERE][GeneratedMethodAccessor34.invoke:-1] [ExcelDocument] Header rows : [1], Body rows : [10], SubTotal rows : [0], Footer rows : 0
01/31 11:50:15.172 [http-nio-8080-exec-2/INFO][GeneratedMethodAccessor34.invoke:-1] [GridXmlInfo.initXmlInfo][grid/gridView ID] : subGrid
01/31 11:50:15.172 [http-nio-8080-exec-2/INFO][GeneratedMethodAccessor34.invoke:-1] [GridXmlInfo.initData][Non-Provider] : 5
01/31 11:50:15.176 [http-nio-8080-exec-2/SEVERE][GeneratedMethodAccessor34.invoke:-1] [ExcelDocument] Header rows : [1], Body rows : [1], SubTotal rows : [0], Footer rows : 0
01/31 11:50:15.198 [http-nio-8080-exec-2/SEVERE][GeneratedMethodAccessor34.invoke:-1] # Download File : GridViews_down.xlsx# File Size : [4799] byte
01/31 11:50:38.972 [http-nio-8080-exec-8/INFO][GeneratedMethodAccessor34.invoke:-1] [GridXmlInfo.initXmlInfo][grid/gridView ID] : testGrid
01/31 11:50:38.972 [http-nio-8080-exec-8/INFO][GeneratedMethodAccessor34.invoke:-1] [GridXmlInfo.initData][Non-Provider] : 40
01/31 11:50:38.986 [http-nio-8080-exec-8/SEVERE][GeneratedMethodAccessor34.invoke:-1] [ExcelDocument] Header rows : [1], Body rows : [10], SubTotal rows : [0], Footer rows : 0
01/31 11:50:38.987 [http-nio-8080-exec-8/INFO][GeneratedMethodAccessor34.invoke:-1] [GridXmlInfo.initXmlInfo][grid/gridView ID] : subGrid
01/31 11:50:38.987 [http-nio-8080-exec-8/INFO][GeneratedMethodAccessor34.invoke:-1] [GridXmlInfo.parseArrayDataBySeparator] [[]]
01/31 11:50:38.987 [http-nio-8080-exec-8/INFO][GeneratedMethodAccessor34.invoke:-1] [GridXmlInfo.initData][Non-Provider] : 1
01/31 11:50:38.990 [http-nio-8080-exec-8/SEVERE][GeneratedMethodAccessor34.invoke:-1] [ExcelDocument] Header rows : [1], Body rows : [0], SubTotal rows : [0], Footer rows : 0
01/31 11:50:39.013 [http-nio-8080-exec-8/SEVERE][GeneratedMethodAccessor34.invoke:-1] # Download File : GridViews_down.xlsx# File Size : [4593] byte
01/31 11:50:46.436 [http-nio-8080-exec-5/INFO][GeneratedMethodAccessor34.invoke:-1] [GridXmlInfo.initXmlInfo][grid/gridView ID] : testGrid
01/31 11:50:46.437 [http-nio-8080-exec-5/INFO][GeneratedMethodAccessor34.invoke:-1] [GridXmlInfo.initData][Non-Provider] : 40
01/31 11:50:46.439 [http-nio-8080-exec-5/SEVERE][GeneratedMethodAccessor34.invoke:-1] [ExcelDocument] Header rows : [1], Body rows : [10], SubTotal rows : [0], Footer rows : 0
01/31 11:50:46.439 [http-nio-8080-exec-5/INFO][GeneratedMethodAccessor34.invoke:-1] [GridXmlInfo.initXmlInfo][grid/gridView ID] : subGrid
01/31 11:50:46.439 [http-nio-8080-exec-5/INFO][GeneratedMethodAccessor34.invoke:-1] [GridXmlInfo.initData][Non-Provider] : 15
01/31 11:50:46.443 [http-nio-8080-exec-5/SEVERE][GeneratedMethodAccessor34.invoke:-1] [ExcelDocument] Header rows : [1], Body rows : [3], SubTotal rows : [0], Footer rows : 0
01/31 11:50:46.462 [http-nio-8080-exec-5/SEVERE][GeneratedMethodAccessor34.invoke:-1] # Download File : GridViews_down.xlsx# File Size : [4856] byte
