11/09 08:21:34.249 [http-nio-9090-exec-4/WARNING][NativeMethodAccessorImpl.invoke0:-2] [JavascriptResourceController.doHandle] 
websquare.exception.PostControllerException: <Exception><message><![CDATA[]]></message></Exception>:<Exception><message><![CDATA[]]></message></Exception>
    at websquare.http.util.ServletUtil.checkLicense(ServletUtil.java:367)
    at websquare.http.controller.JavascriptResourceController.doHandle(JavascriptResourceController.java:51)
    at websquare.http.DefaultRequestDispatcherImpl.doDispatch(DefaultRequestDispatcherImpl.java:287)
    at websquare.http.DefaultRequestDispatcherImpl.service(DefaultRequestDispatcherImpl.java:208)
    at websquare.http.DefaultRequestDispatcher.service(DefaultRequestDispatcher.java:45)
    at javax.servlet.http.HttpServlet.service(HttpServlet.java:741)
    at org.apache.catalina.core.ApplicationFilterChain.internalDoFilter(ApplicationFilterChain.java:231)
    at org.apache.catalina.core.ApplicationFilterChain.doFilter(ApplicationFilterChain.java:166)
    at org.apache.tomcat.websocket.server.WsFilter.doFilter(WsFilter.java:53)
    at org.apache.catalina.core.ApplicationFilterChain.internalDoFilter(ApplicationFilterChain.java:193)
    at org.apache.catalina.core.ApplicationFilterChain.doFilter(ApplicationFilterChain.java:166)
    at org.apache.catalina.core.StandardWrapperValve.invoke(StandardWrapperValve.java:199)
    at org.apache.catalina.core.StandardContextValve.invoke(StandardContextValve.java:96)
    at org.apache.catalina.authenticator.AuthenticatorBase.invoke(AuthenticatorBase.java:491)
    at org.apache.catalina.core.StandardHostValve.invoke(StandardHostValve.java:139)
    at org.apache.catalina.valves.ErrorReportValve.invoke(ErrorReportValve.java:92)
    at org.apache.catalina.valves.AbstractAccessLogValve.invoke(AbstractAccessLogValve.java:668)
    at org.apache.catalina.core.StandardEngineValve.invoke(StandardEngineValve.java:87)
    at org.apache.catalina.connector.CoyoteAdapter.service(CoyoteAdapter.java:343)
    at org.apache.coyote.http11.Http11Processor.service(Http11Processor.java:408)
    at org.apache.coyote.AbstractProcessorLight.process(AbstractProcessorLight.java:66)
    at org.apache.coyote.AbstractProtocol$ConnectionHandler.process(AbstractProtocol.java:764)
    at org.apache.tomcat.util.net.NioEndpoint$SocketProcessor.doRun(NioEndpoint.java:1388)
    at org.apache.tomcat.util.net.SocketProcessorBase.run(SocketProcessorBase.java:49)
    at java.util.concurrent.ThreadPoolExecutor.runWorker(ThreadPoolExecutor.java:1149)
    at java.util.concurrent.ThreadPoolExecutor$Worker.run(ThreadPoolExecutor.java:624)
    at org.apache.tomcat.util.threads.TaskThread$WrappingRunnable.run(TaskThread.java:61)
    at java.lang.Thread.run(Thread.java:748)

11/09 08:21:39.521 [http-nio-9090-exec-7/WARNING][NativeMethodAccessorImpl.invoke0:-2] [JavascriptResourceController.doHandle] 
websquare.exception.PostControllerException: <Exception><message><![CDATA[]]></message></Exception>:<Exception><message><![CDATA[]]></message></Exception>
    at websquare.http.util.ServletUtil.checkLicense(ServletUtil.java:367)
    at websquare.http.controller.JavascriptResourceController.doHandle(JavascriptResourceController.java:51)
    at websquare.http.DefaultRequestDispatcherImpl.doDispatch(DefaultRequestDispatcherImpl.java:287)
    at websquare.http.DefaultRequestDispatcherImpl.service(DefaultRequestDispatcherImpl.java:208)
    at websquare.http.DefaultRequestDispatcher.service(DefaultRequestDispatcher.java:45)
    at javax.servlet.http.HttpServlet.service(HttpServlet.java:741)
    at org.apache.catalina.core.ApplicationFilterChain.internalDoFilter(ApplicationFilterChain.java:231)
    at org.apache.catalina.core.ApplicationFilterChain.doFilter(ApplicationFilterChain.java:166)
    at org.apache.tomcat.websocket.server.WsFilter.doFilter(WsFilter.java:53)
    at org.apache.catalina.core.ApplicationFilterChain.internalDoFilter(ApplicationFilterChain.java:193)
    at org.apache.catalina.core.ApplicationFilterChain.doFilter(ApplicationFilterChain.java:166)
    at org.apache.catalina.core.StandardWrapperValve.invoke(StandardWrapperValve.java:199)
    at org.apache.catalina.core.StandardContextValve.invoke(StandardContextValve.java:96)
    at org.apache.catalina.authenticator.AuthenticatorBase.invoke(AuthenticatorBase.java:491)
    at org.apache.catalina.core.StandardHostValve.invoke(StandardHostValve.java:139)
    at org.apache.catalina.valves.ErrorReportValve.invoke(ErrorReportValve.java:92)
    at org.apache.catalina.valves.AbstractAccessLogValve.invoke(AbstractAccessLogValve.java:668)
    at org.apache.catalina.core.StandardEngineValve.invoke(StandardEngineValve.java:87)
    at org.apache.catalina.connector.CoyoteAdapter.service(CoyoteAdapter.java:343)
    at org.apache.coyote.http11.Http11Processor.service(Http11Processor.java:408)
    at org.apache.coyote.AbstractProcessorLight.process(AbstractProcessorLight.java:66)
    at org.apache.coyote.AbstractProtocol$ConnectionHandler.process(AbstractProtocol.java:764)
    at org.apache.tomcat.util.net.NioEndpoint$SocketProcessor.doRun(NioEndpoint.java:1388)
    at org.apache.tomcat.util.net.SocketProcessorBase.run(SocketProcessorBase.java:49)
    at java.util.concurrent.ThreadPoolExecutor.runWorker(ThreadPoolExecutor.java:1149)
    at java.util.concurrent.ThreadPoolExecutor$Worker.run(ThreadPoolExecutor.java:624)
    at org.apache.tomcat.util.threads.TaskThread$WrappingRunnable.run(TaskThread.java:61)
    at java.lang.Thread.run(Thread.java:748)

