01/26 09:07:04.040 [http-nio-9090-exec-5/INFO][NativeMethodAccessorImpl.invoke0:-2] [WebSquareConfig.getStringValue] key[//wqDefiner/@value] value[] defaultValue[]
01/26 09:07:04.042 [http-nio-9090-exec-5/INFO][NativeMethodAccessorImpl.invoke0:-2] [WebSquareConfig.getStringValue] key[//upload/@support] value[] defaultValue[true]
01/26 09:07:04.043 [http-nio-9090-exec-5/INFO][NativeMethodAccessorImpl.invoke0:-2] [WebSquareConfig.getStringValue] key[/websquare/upload/maxUploadSize/@value] value[200000000] defaultValue[1048576]
01/26 09:07:04.048 [http-nio-9090-exec-5/INFO][NativeMethodAccessorImpl.invoke0:-2] [WebSquareConfig.getStringValue] key[//upload/encoding/@value] value[UTF-8] defaultValue[KSC5601]
01/26 09:07:04.049 [http-nio-9090-exec-5/INFO][NativeMethodAccessorImpl.invoke0:-2] [WebSquareConfig.getStringValue] key[//upload/baseDir/@value] value[C:\WEBSQUARE_DEV_PACK\workspace\ws5\websquare_home\upload] defaultValue[null]
01/26 09:07:04.051 [http-nio-9090-exec-5/INFO][NativeMethodAccessorImpl.invoke0:-2] [WebSquareConfig.getStringValue] key[//upload/folderName/@value] value[up] defaultValue[]
01/26 09:07:04.064 [http-nio-9090-exec-5/INFO][NativeMethodAccessorImpl.invoke0:-2] [WebSquareConfig.getStringValue] key[//priorPlugins/@value] value[] defaultValue[]
01/26 09:07:04.093 [http-nio-9090-exec-5/INFO][GeneratedMethodAccessor39.invoke:-1] [WebSquareConfig.getStringValue] key[//date/encoding/@value] value[] defaultValue[UTF-8]
01/26 09:07:04.095 [http-nio-9090-exec-6/INFO][GeneratedMethodAccessor39.invoke:-1] [WebSquareConfig.getStringValue] key[//date/encoding/@value] value[] defaultValue[UTF-8]
01/26 14:37:46.302 [http-nio-9090-exec-7/INFO][GeneratedMethodAccessor39.invoke:-1] [WebSquareConfig.getStringValue] key[//engineType/@value] value[5] defaultValue[1]
01/26 14:37:46.729 [http-nio-9090-exec-7/INFO][GeneratedMethodAccessor39.invoke:-1] [WebSquareConfig.getStringValue] key[//engineType/@baseFolder] value[] defaultValue[]
01/26 14:37:46.737 [http-nio-9090-exec-7/INFO][GeneratedMethodAccessor39.invoke:-1] [WebSquareConfig.getStringValue] key[//engineType/@coverage] value[notsupport] defaultValue[notsupport]
01/26 14:37:46.740 [http-nio-9090-exec-7/SEVERE][GeneratedMethodAccessor39.invoke:-1] LoadingModule [/bootloader][websquare.Bootloader][18276][5]
01/26 14:37:46.740 [http-nio-9090-exec-7/INFO][GeneratedMethodAccessor39.invoke:-1] [WebSquareConfig.getStringValue] key[//engineType/@etag] value[support] defaultValue[support]
01/26 14:37:46.825 [http-nio-9090-exec-3/SEVERE][GeneratedMethodAccessor39.invoke:-1] LoadingModule [engine/CommonRuntime][websquare.engine.CommonRuntime][67][5]
01/26 14:37:46.831 [http-nio-9090-exec-3/SEVERE][GeneratedMethodAccessor39.invoke:-1] LoadingModule [engine/core][websquare.engine.Core][43663][5]
01/26 14:37:46.835 [http-nio-9090-exec-3/SEVERE][GeneratedMethodAccessor39.invoke:-1] LoadingModule [engine/exception][websquare.engine.Exception][4715][5]
01/26 14:37:46.842 [http-nio-9090-exec-3/SEVERE][GeneratedMethodAccessor39.invoke:-1] LoadingModule [engine/logger][websquare.engine.Logger][21770][5]
01/26 14:37:46.847 [http-nio-9090-exec-3/SEVERE][GeneratedMethodAccessor39.invoke:-1] LoadingModule [engine/xml][websquare.engine.Xml][27425][5]
01/26 14:37:46.852 [http-nio-9090-exec-3/SEVERE][GeneratedMethodAccessor39.invoke:-1] LoadingModule [engine/collection][websquare.engine.Collection][11703][5]
01/26 14:37:46.858 [http-nio-9090-exec-3/SEVERE][GeneratedMethodAccessor39.invoke:-1] LoadingModule [engine/WebSquareDocument][websquare.engine.WebSquareDocument][8981][5]
01/26 14:37:46.871 [http-nio-9090-exec-3/SEVERE][GeneratedMethodAccessor39.invoke:-1] LoadingModule [engine/Parser][websquare.engine.Parser][25820][5]
01/26 14:37:46.877 [http-nio-9090-exec-3/SEVERE][GeneratedMethodAccessor39.invoke:-1] LoadingModule [engine/Model][websquare.engine.Model][5579][5]
01/26 14:37:46.881 [http-nio-9090-exec-3/SEVERE][GeneratedMethodAccessor39.invoke:-1] LoadingModule [engine/Actions][websquare.engine.Actions][4658][5]
01/26 14:37:46.886 [http-nio-9090-exec-3/SEVERE][GeneratedMethodAccessor39.invoke:-1] LoadingModule [engine/ModelUtil][websquare.engine.ModelUtil][87551][5]
01/26 14:37:46.892 [http-nio-9090-exec-3/SEVERE][GeneratedMethodAccessor39.invoke:-1] LoadingModule [engine/DataCollection][websquare.engine.DataCollection][26588][5]
01/26 14:37:46.896 [http-nio-9090-exec-3/SEVERE][GeneratedMethodAccessor39.invoke:-1] LoadingModule [engine/Events][websquare.engine.Events][224][5]
01/26 14:37:46.901 [http-nio-9090-exec-3/SEVERE][GeneratedMethodAccessor39.invoke:-1] LoadingModule [engine/form][websquare.engine.Form][20271][5]
01/26 14:37:46.905 [http-nio-9090-exec-3/SEVERE][GeneratedMethodAccessor39.invoke:-1] LoadingModule [engine/net][websquare.engine.Net][13783][5]
01/26 14:37:46.909 [http-nio-9090-exec-3/SEVERE][GeneratedMethodAccessor39.invoke:-1] LoadingModule [engine/session][websquare.engine.Session][2278][5]
01/26 14:37:46.916 [http-nio-9090-exec-3/SEVERE][GeneratedMethodAccessor39.invoke:-1] LoadingModule [engine/util][websquare.engine.Util][101563][5]
01/26 14:37:46.922 [http-nio-9090-exec-3/SEVERE][GeneratedMethodAccessor39.invoke:-1] LoadingModule [engine/date][websquare.engine.Date][21467][5]
01/26 14:37:46.927 [http-nio-9090-exec-3/SEVERE][GeneratedMethodAccessor39.invoke:-1] LoadingModule [engine/text][websquare.engine.Text][28779][5]
01/26 14:37:46.933 [http-nio-9090-exec-3/SEVERE][GeneratedMethodAccessor39.invoke:-1] LoadingModule [engine/layer][websquare.engine.Layer][10409][5]
01/26 14:37:46.936 [http-nio-9090-exec-3/SEVERE][GeneratedMethodAccessor39.invoke:-1] LoadingModule [engine/cookie][websquare.engine.Cookie][673][5]
01/26 14:37:46.941 [http-nio-9090-exec-3/SEVERE][GeneratedMethodAccessor39.invoke:-1] LoadingModule [engine/thread][websquare.engine.Thread][1490][5]
01/26 14:37:46.946 [http-nio-9090-exec-3/SEVERE][GeneratedMethodAccessor39.invoke:-1] LoadingModule [engine/effect][websquare.engine.Effect][13802][5]
01/26 14:37:46.949 [http-nio-9090-exec-3/SEVERE][GeneratedMethodAccessor39.invoke:-1] LoadingModule [engine/domIterator][websquare.engine.DomIterator][2174][5]
01/26 14:37:46.952 [http-nio-9090-exec-3/SEVERE][GeneratedMethodAccessor39.invoke:-1] LoadingModule [engine/event][websquare.engine.Event][17869][5]
01/26 14:37:46.958 [http-nio-9090-exec-3/SEVERE][GeneratedMethodAccessor39.invoke:-1] LoadingModule [engine/skin][websquare.engine.Skin][6696][5]
01/26 14:37:46.960 [http-nio-9090-exec-3/SEVERE][GeneratedMethodAccessor39.invoke:-1] LoadingModule [engine/language][websquare.engine.Language][490][5]
01/26 14:37:46.966 [http-nio-9090-exec-3/SEVERE][GeneratedMethodAccessor39.invoke:-1] LoadingModule [engine/geometry][websquare.engine.Geometry][4695][5]
01/26 14:37:46.970 [http-nio-9090-exec-3/SEVERE][GeneratedMethodAccessor39.invoke:-1] LoadingModule [engine/shape][websquare.engine.Shape][11018][5]
01/26 14:37:46.974 [http-nio-9090-exec-3/SEVERE][GeneratedMethodAccessor39.invoke:-1] LoadingModule [engine/configManager][websquare.engine.ConfigManager][1007][5]
01/26 14:37:46.977 [http-nio-9090-exec-3/SEVERE][GeneratedMethodAccessor39.invoke:-1] LoadingModule [engine/cssStyleSheet][websquare.engine.CssStyleSheet][3808][5]
01/26 14:37:46.981 [http-nio-9090-exec-3/SEVERE][GeneratedMethodAccessor39.invoke:-1] LoadingModule [uiplugin/control/eventControl][websquare.uiplugin.control.EventControl][7466][5]
01/26 14:37:46.985 [http-nio-9090-exec-3/SEVERE][GeneratedMethodAccessor39.invoke:-1] LoadingModule [engine/dragdrop][websquare.engine.Dragdrop][11757][5]
01/26 14:37:46.990 [http-nio-9090-exec-3/SEVERE][GeneratedMethodAccessor39.invoke:-1] LoadingModule [engine/style][websquare.engine.Style][11170][5]
01/26 14:37:46.994 [http-nio-9090-exec-3/SEVERE][GeneratedMethodAccessor39.invoke:-1] LoadingModule [engine/validator][websquare.engine.Validator][38293][5]
01/26 14:37:46.997 [http-nio-9090-exec-3/SEVERE][GeneratedMethodAccessor39.invoke:-1] LoadingModule [engine/wUnit][websquare.engine.WUnit][11983][5]
01/26 14:37:47.002 [http-nio-9090-exec-3/SEVERE][GeneratedMethodAccessor39.invoke:-1] LoadingModule [engine/json][websquare.engine.Json][8481][5]
01/26 14:37:47.006 [http-nio-9090-exec-3/SEVERE][GeneratedMethodAccessor39.invoke:-1] LoadingModule [engine/jquerySupport][websquare.engine.JquerySupport][3323][5]
01/26 14:37:47.011 [http-nio-9090-exec-3/SEVERE][GeneratedMethodAccessor39.invoke:-1] LoadingModule [uiplugin/control/css][websquare.uiplugin.control.Css][9608][5]
01/26 14:37:47.015 [http-nio-9090-exec-3/SEVERE][GeneratedMethodAccessor39.invoke:-1] LoadingModule [uiplugin/control/IAction][websquare.uiplugin.control.IAction][308][5]
01/26 14:37:47.018 [http-nio-9090-exec-3/SEVERE][GeneratedMethodAccessor39.invoke:-1] LoadingModule [uiplugin/control/IVisible][websquare.uiplugin.control.IVisible][203][5]
01/26 14:37:47.021 [http-nio-9090-exec-3/SEVERE][GeneratedMethodAccessor39.invoke:-1] LoadingModule [uiplugin/control/ISerialize][websquare.uiplugin.control.ISerialize][337][5]
01/26 14:37:47.024 [http-nio-9090-exec-3/SEVERE][GeneratedMethodAccessor39.invoke:-1] LoadingModule [uiplugin/control/widget][websquare.uiplugin.control.Widget][100][5]
01/26 14:37:47.029 [http-nio-9090-exec-3/SEVERE][GeneratedMethodAccessor39.invoke:-1] LoadingModule [uiplugin/control/control][websquare.uiplugin.control.Control][5299][5]
01/26 14:37:47.032 [http-nio-9090-exec-3/SEVERE][GeneratedMethodAccessor39.invoke:-1] LoadingModule [uiplugin/control/cssManager][websquare.uiplugin.control.CssManager][9483][5]
01/26 14:37:47.036 [http-nio-9090-exec-3/SEVERE][GeneratedMethodAccessor39.invoke:-1] LoadingModule [uiplugin/control/cssCustomizer][websquare.uiplugin.control.CssCustomizer][1819][5]
01/26 14:37:47.039 [http-nio-9090-exec-3/SEVERE][GeneratedMethodAccessor39.invoke:-1] LoadingModule [uiplugin/control/htmlControl][websquare.uiplugin.control.HtmlControl][604][5]
01/26 14:37:47.042 [http-nio-9090-exec-3/SEVERE][GeneratedMethodAccessor39.invoke:-1] LoadingModule [uiplugin/control/modelControl][websquare.uiplugin.control.ModelControl][9532][5]
01/26 14:37:47.048 [http-nio-9090-exec-3/SEVERE][GeneratedMethodAccessor39.invoke:-1] LoadingModule [uiplugin/control/xfControl][websquare.uiplugin.control.XfControl][31119][5]
01/26 14:37:47.054 [http-nio-9090-exec-3/SEVERE][GeneratedMethodAccessor39.invoke:-1] LoadingModule [uiplugin/control/controlFactory][websquare.uiplugin.control.ControlFactory][8988][5]
01/26 14:37:47.057 [http-nio-9090-exec-3/SEVERE][GeneratedMethodAccessor39.invoke:-1] LoadingModule [uiplugin/control/controlIterator][websquare.uiplugin.control.ControlIterator][79][5]
01/26 14:37:47.061 [http-nio-9090-exec-3/SEVERE][GeneratedMethodAccessor39.invoke:-1] LoadingModule [uiplugin/control/executeHelper][websquare.uiplugin.control.ExecuteHelper][6906][5]
01/26 14:37:47.064 [http-nio-9090-exec-3/SEVERE][GeneratedMethodAccessor39.invoke:-1] LoadingModule [uiplugin/balloonTip/balloonTip][websquare.uiplugin.balloonTip.BalloonTip][1954][5]
01/26 14:37:47.068 [http-nio-9090-exec-3/SEVERE][GeneratedMethodAccessor39.invoke:-1] LoadingModule [uiplugin/control/controlManager][websquare.uiplugin.control.ControlManager][2775][5]
01/26 14:37:47.073 [http-nio-9090-exec-3/SEVERE][GeneratedMethodAccessor39.invoke:-1] LoadingModule [engine/localStorage][websquare.engine.LocalStorage][4383][5]
01/26 14:37:47.076 [http-nio-9090-exec-3/SEVERE][GeneratedMethodAccessor39.invoke:-1] LoadingModule [engine/big][websquare.engine.Big][4818][5]
01/26 14:37:47.079 [http-nio-9090-exec-3/SEVERE][GeneratedMethodAccessor39.invoke:-1] LoadingModule [engine/api][websquare.engine.Api][2852][5]
01/26 14:37:47.084 [http-nio-9090-exec-3/SEVERE][GeneratedMethodAccessor39.invoke:-1] LoadingModule [engine/initCSS][websquare.engine.InitCSS][7916][5]
01/26 14:37:47.089 [http-nio-9090-exec-3/SEVERE][GeneratedMethodAccessor39.invoke:-1] LoadingModule [uiplugin/group/group][websquare.uiplugin.group.Group][25862][5]
01/26 14:37:47.095 [http-nio-9090-exec-3/SEVERE][GeneratedMethodAccessor39.invoke:-1] LoadingModule [uiplugin/wframe/wframe][websquare.uiplugin.wframe.Wframe][49183][5]
01/26 14:37:47.100 [http-nio-9090-exec-3/SEVERE][GeneratedMethodAccessor39.invoke:-1] LoadingModule [uiplugin/wframe/wframeDocument][websquare.uiplugin.wframe.WframeDocument][1831][5]
01/26 14:37:47.104 [http-nio-9090-exec-3/SEVERE][GeneratedMethodAccessor39.invoke:-1] LoadingModule [uiplugin/wframe/wframeParser][websquare.uiplugin.wframe.WframeParser][2259][5]
01/26 14:37:47.107 [http-nio-9090-exec-3/SEVERE][GeneratedMethodAccessor39.invoke:-1] LoadingModule [uiplugin/control/historyManager][websquare.uiplugin.control.HistoryManager][1379][5]
01/26 14:37:47.111 [http-nio-9090-exec-3/SEVERE][GeneratedMethodAccessor39.invoke:-1] LoadingModule [uiplugin/control/itemsetControl][websquare.uiplugin.control.ItemsetControl][12852][5]
01/26 14:37:47.130 [http-nio-9090-exec-3/SEVERE][GeneratedMethodAccessor39.invoke:-1] LoadingModule [uiplugin/dataList/dataController][websquare.uiplugin.dataList.DataController][69817][5]
01/26 14:37:47.135 [http-nio-9090-exec-3/SEVERE][GeneratedMethodAccessor39.invoke:-1] LoadingModule [uiplugin/dataList/statusController][websquare.uiplugin.dataList.StatusController][22089][5]
01/26 14:37:47.139 [http-nio-9090-exec-3/SEVERE][GeneratedMethodAccessor39.invoke:-1] LoadingModule [uiplugin/dataList/dataListCellController][websquare.uiplugin.dataList.DataListCellController][8245][5]
01/26 14:37:47.144 [http-nio-9090-exec-3/SEVERE][GeneratedMethodAccessor39.invoke:-1] LoadingModule [uiplugin/dataList/dataListApiController][websquare.uiplugin.dataList.DataListApiController][32619][5]
01/26 14:37:47.148 [http-nio-9090-exec-3/SEVERE][GeneratedMethodAccessor39.invoke:-1] LoadingModule [uiplugin/dataList/filterController][websquare.uiplugin.dataList.FilterController][10723][5]
01/26 14:37:47.153 [http-nio-9090-exec-3/SEVERE][GeneratedMethodAccessor39.invoke:-1] LoadingModule [uiplugin/dataList/dataList][websquare.uiplugin.dataList.DataList][10922][5]
01/26 14:37:47.157 [http-nio-9090-exec-3/SEVERE][GeneratedMethodAccessor39.invoke:-1] LoadingModule [uiplugin/dataMap/dataMapApiController][websquare.uiplugin.dataMap.DataMapApiController][16171][5]
01/26 14:37:47.163 [http-nio-9090-exec-3/SEVERE][GeneratedMethodAccessor39.invoke:-1] LoadingModule [uiplugin/dataMap/dataMap][websquare.uiplugin.dataMap.DataMap][8423][5]
01/26 14:37:47.168 [http-nio-9090-exec-3/SEVERE][GeneratedMethodAccessor39.invoke:-1] LoadingModule [uiplugin/linkedDataList/linkedFilterController][websquare.uiplugin.linkedDataList.LinkedFilterController][20257][5]
01/26 14:37:47.173 [http-nio-9090-exec-3/SEVERE][GeneratedMethodAccessor39.invoke:-1] LoadingModule [uiplugin/linkedDataList/linkedDataListApiController][websquare.uiplugin.linkedDataList.LinkedDataListApiController][40388][5]
01/26 14:37:47.178 [http-nio-9090-exec-3/SEVERE][GeneratedMethodAccessor39.invoke:-1] LoadingModule [uiplugin/linkedDataList/linkedDataList][websquare.uiplugin.linkedDataList.LinkedDataList][10131][5]
01/26 14:37:47.182 [http-nio-9090-exec-3/SEVERE][GeneratedMethodAccessor39.invoke:-1] LoadingModule [uiplugin/aliasDataCollection/aliasDataList][websquare.uiplugin.aliasDataCollection.AliasDataList][6611][5]
01/26 14:37:47.186 [http-nio-9090-exec-3/SEVERE][GeneratedMethodAccessor39.invoke:-1] LoadingModule [uiplugin/aliasDataCollection/aliasDataMap][websquare.uiplugin.aliasDataCollection.AliasDataMap][6443][5]
01/26 14:37:47.190 [http-nio-9090-exec-3/SEVERE][GeneratedMethodAccessor39.invoke:-1] LoadingModule [uiplugin/aliasDataCollection/aliasLinkedDataList][websquare.uiplugin.aliasDataCollection.AliasLinkedDataList][6290][5]
01/26 14:37:47.195 [http-nio-9090-exec-3/SEVERE][GeneratedMethodAccessor39.invoke:-1] LoadingModule [engine/initializer][websquare.engine.Initializer][25719][5]
01/26 14:37:47.200 [http-nio-9090-exec-3/SEVERE][GeneratedMethodAccessor39.invoke:-1] LoadingModule [uiplugin/body/body][websquare.uiplugin.body.Body][20689][5]
01/26 14:37:47.203 [http-nio-9090-exec-3/SEVERE][GeneratedMethodAccessor39.invoke:-1] LoadingModule [engine/formatter][websquare.engine.Formatter][7654][5]
01/26 14:37:47.208 [http-nio-9090-exec-3/SEVERE][GeneratedMethodAccessor39.invoke:-1] LoadingModule [uiplugin/textbox/textbox][websquare.uiplugin.textbox.Textbox][13428][5]
01/26 14:37:47.212 [http-nio-9090-exec-3/SEVERE][GeneratedMethodAccessor39.invoke:-1] LoadingModule [uiplugin/anchor/anchor][websquare.uiplugin.anchor.Anchor][6588][5]
01/26 14:37:47.216 [http-nio-9090-exec-3/SEVERE][GeneratedMethodAccessor39.invoke:-1] LoadingModule [uiplugin/table/itemTable][websquare.uiplugin.table.ItemTable][30277][5]
01/26 14:37:47.223 [http-nio-9090-exec-3/SEVERE][GeneratedMethodAccessor39.invoke:-1] LoadingModule [uiplugin/selectbox/selectbox][websquare.uiplugin.selectbox.Selectbox][61950][5]
01/26 14:37:47.228 [http-nio-9090-exec-3/SEVERE][GeneratedMethodAccessor39.invoke:-1] LoadingModule [uiplugin/input/input][websquare.uiplugin.input.Input][58886][5]
01/26 14:37:47.231 [http-nio-9090-exec-3/SEVERE][GeneratedMethodAccessor39.invoke:-1] LoadingModule [uiplugin/span/span][websquare.uiplugin.span.Span][8566][5]
01/26 14:37:47.240 [http-nio-9090-exec-3/SEVERE][GeneratedMethodAccessor39.invoke:-1] LoadingModule [uiplugin/gridView/layoutController][websquare.uiplugin.gridView.LayoutController][147641][5]
01/26 14:37:47.247 [http-nio-9090-exec-3/SEVERE][GeneratedMethodAccessor39.invoke:-1] LoadingModule [uiplugin/gridView/drawInitializer][websquare.uiplugin.gridView.DrawInitializer][21317][5]
01/26 14:37:47.254 [http-nio-9090-exec-3/SEVERE][GeneratedMethodAccessor39.invoke:-1] LoadingModule [uiplugin/gridView/eventController][websquare.uiplugin.gridView.EventController][94818][5]
01/26 14:37:47.259 [http-nio-9090-exec-3/SEVERE][GeneratedMethodAccessor39.invoke:-1] LoadingModule [uiplugin/gridView/keyEventController][websquare.uiplugin.gridView.KeyEventController][37226][5]
01/26 14:37:47.264 [http-nio-9090-exec-3/SEVERE][GeneratedMethodAccessor39.invoke:-1] LoadingModule [uiplugin/gridView/mainDrawController][websquare.uiplugin.gridView.MainDrawController][19300][5]
01/26 14:37:47.271 [http-nio-9090-exec-3/SEVERE][GeneratedMethodAccessor39.invoke:-1] LoadingModule [uiplugin/gridView/drawController][websquare.uiplugin.gridView.DrawController][60645][5]
01/26 14:37:47.280 [http-nio-9090-exec-3/SEVERE][GeneratedMethodAccessor39.invoke:-1] LoadingModule [uiplugin/gridView/cellController][websquare.uiplugin.gridView.CellController][201918][5]
01/26 14:37:47.286 [http-nio-9090-exec-3/SEVERE][GeneratedMethodAccessor39.invoke:-1] LoadingModule [uiplugin/gridView/headerController][websquare.uiplugin.gridView.HeaderController][36593][5]
01/26 14:37:47.290 [http-nio-9090-exec-3/SEVERE][GeneratedMethodAccessor39.invoke:-1] LoadingModule [uiplugin/gridView/focusController][websquare.uiplugin.gridView.FocusController][20933][5]
01/26 14:37:47.295 [http-nio-9090-exec-3/SEVERE][GeneratedMethodAccessor39.invoke:-1] LoadingModule [uiplugin/gridView/subtotalDataController][websquare.uiplugin.gridView.SubtotalDataController][11371][5]
01/26 14:37:47.298 [http-nio-9090-exec-3/SEVERE][GeneratedMethodAccessor39.invoke:-1] LoadingModule [uiplugin/gridView/footerController][websquare.uiplugin.gridView.FooterController][17643][5]
01/26 14:37:47.318 [http-nio-9090-exec-3/SEVERE][GeneratedMethodAccessor39.invoke:-1] LoadingModule [uiplugin/gridView/gridViewApiController][websquare.uiplugin.gridView.GridViewApiController][197491][5]
01/26 14:37:47.323 [http-nio-9090-exec-3/SEVERE][GeneratedMethodAccessor39.invoke:-1] LoadingModule [uiplugin/gridView/styleController][websquare.uiplugin.gridView.StyleController][12364][5]
01/26 14:37:47.327 [http-nio-9090-exec-3/SEVERE][GeneratedMethodAccessor39.invoke:-1] LoadingModule [uiplugin/helper/dateHelper][websquare.uiplugin.helper.DateHelper][5860][5]
01/26 14:37:47.333 [http-nio-9090-exec-3/SEVERE][GeneratedMethodAccessor39.invoke:-1] LoadingModule [uiplugin/calendar/calendar][websquare.uiplugin.calendar.Calendar][82016][5]
01/26 14:37:47.339 [http-nio-9090-exec-3/SEVERE][GeneratedMethodAccessor39.invoke:-1] LoadingModule [uiplugin/inputCalendar/inputCalendar][websquare.uiplugin.inputCalendar.InputCalendar][56163][5]
01/26 14:37:47.342 [http-nio-9090-exec-3/SEVERE][GeneratedMethodAccessor39.invoke:-1] LoadingModule [uiplugin/textarea/textarea][websquare.uiplugin.textarea.Textarea][14219][5]
01/26 14:37:47.347 [http-nio-9090-exec-3/SEVERE][GeneratedMethodAccessor39.invoke:-1] LoadingModule [uiplugin/helper/korHelper][websquare.uiplugin.helper.KorHelper][2745][5]
01/26 14:37:47.353 [http-nio-9090-exec-3/SEVERE][GeneratedMethodAccessor39.invoke:-1] LoadingModule [uiplugin/checkcombobox/checkcombobox][websquare.uiplugin.checkcombobox.Checkcombobox][69106][5]
01/26 14:37:47.359 [http-nio-9090-exec-3/SEVERE][GeneratedMethodAccessor39.invoke:-1] LoadingModule [uiplugin/autoComplete/autoComplete][websquare.uiplugin.autoComplete.AutoComplete][81340][5]
01/26 14:37:47.365 [http-nio-9090-exec-3/SEVERE][GeneratedMethodAccessor39.invoke:-1] LoadingModule [uiplugin/scrollView/scrollView][websquare.uiplugin.scrollView.ScrollView][20664][5]
01/26 14:37:47.371 [http-nio-9090-exec-3/SEVERE][GeneratedMethodAccessor39.invoke:-1] LoadingModule [uiplugin/list/list][websquare.uiplugin.list.List][30679][5]
01/26 14:37:47.377 [http-nio-9090-exec-3/SEVERE][GeneratedMethodAccessor39.invoke:-1] LoadingModule [uiplugin/floatingLayer/floatingLayer][websquare.uiplugin.floatingLayer.FloatingLayer][17407][5]
01/26 14:37:47.382 [http-nio-9090-exec-3/SEVERE][GeneratedMethodAccessor39.invoke:-1] LoadingModule [uiplugin/radio/radio][websquare.uiplugin.radio.Radio][21719][5]
01/26 14:37:47.387 [http-nio-9090-exec-3/SEVERE][GeneratedMethodAccessor39.invoke:-1] LoadingModule [uiplugin/spinner/spinner][websquare.uiplugin.spinner.Spinner][18363][5]
01/26 14:37:47.390 [http-nio-9090-exec-3/SEVERE][GeneratedMethodAccessor39.invoke:-1] LoadingModule [uiplugin/gridView/drilldown][websquare.uiplugin.gridView.Drilldown][11373][5]
01/26 14:37:47.395 [http-nio-9090-exec-3/SEVERE][GeneratedMethodAccessor39.invoke:-1] LoadingModule [uiplugin/gridView/notifyController][websquare.uiplugin.gridView.NotifyController][23192][5]
01/26 14:37:47.399 [http-nio-9090-exec-3/SEVERE][GeneratedMethodAccessor39.invoke:-1] LoadingModule [uiplugin/gridView/mappingController][websquare.uiplugin.gridView.MappingController][30594][5]
01/26 14:37:47.402 [http-nio-9090-exec-3/SEVERE][GeneratedMethodAccessor39.invoke:-1] LoadingModule [uiplugin/gridView/linkedMappingController][websquare.uiplugin.gridView.LinkedMappingController][15587][5]
01/26 14:37:47.407 [http-nio-9090-exec-3/SEVERE][GeneratedMethodAccessor39.invoke:-1] LoadingModule [uiplugin/gridView/gridView][websquare.uiplugin.gridView.GridView][29445][5]
01/26 14:37:47.412 [http-nio-9090-exec-3/SEVERE][GeneratedMethodAccessor39.invoke:-1] LoadingModule [uiplugin/trigger/trigger][websquare.uiplugin.trigger.Trigger][10583][5]
01/26 14:37:47.418 [http-nio-9090-exec-3/SEVERE][GeneratedMethodAccessor39.invoke:-1] LoadingModule [uiplugin/image/image][websquare.uiplugin.image.Image][3735][5]
01/26 14:37:47.423 [http-nio-9090-exec-3/SEVERE][GeneratedMethodAccessor39.invoke:-1] LoadingModule [uiplugin/pageList/pageList][websquare.uiplugin.pageList.PageList][25770][5]
01/26 14:37:47.429 [http-nio-9090-exec-3/SEVERE][GeneratedMethodAccessor39.invoke:-1] LoadingModule [uiplugin/tabControl/tabControl][websquare.uiplugin.tabControl.TabControl][73539][5]
01/26 14:37:47.437 [http-nio-9090-exec-3/SEVERE][GeneratedMethodAccessor39.invoke:-1] LoadingModule [uiplugin/grid/grid][websquare.uiplugin.grid.Grid][16060][5]
01/26 14:37:47.443 [http-nio-9090-exec-3/SEVERE][GeneratedMethodAccessor39.invoke:-1] LoadingModule [uiplugin/pageInherit/pageInherit][websquare.uiplugin.pageInherit.PageInherit][34325][5]
01/26 14:37:47.447 [http-nio-9090-exec-3/SEVERE][GeneratedMethodAccessor39.invoke:-1] LoadingModule [uiplugin/generator/generator][websquare.uiplugin.generator.Generator][6835][5]
01/26 14:37:47.451 [http-nio-9090-exec-3/SEVERE][GeneratedMethodAccessor39.invoke:-1] LoadingModule [uiplugin/upload/upload][websquare.uiplugin.upload.Upload][12637][5]
01/26 14:37:47.456 [http-nio-9090-exec-3/SEVERE][GeneratedMethodAccessor39.invoke:-1] LoadingModule [uiplugin/treeview/tree][websquare.uiplugin.treeview.Tree][13501][5]
01/26 14:37:47.461 [http-nio-9090-exec-3/SEVERE][GeneratedMethodAccessor39.invoke:-1] LoadingModule [uiplugin/treeview/virtualTree][websquare.uiplugin.treeview.VirtualTree][18165][5]
01/26 14:37:47.467 [http-nio-9090-exec-3/SEVERE][GeneratedMethodAccessor39.invoke:-1] LoadingModule [uiplugin/treeview/virtualTreeView][websquare.uiplugin.treeview.VirtualTreeView][57620][5]
01/26 14:37:47.472 [http-nio-9090-exec-3/SEVERE][GeneratedMethodAccessor39.invoke:-1] LoadingModule [uiplugin/treeview/treeview][websquare.uiplugin.treeview.Treeview][65577][5]
01/26 14:37:47.477 [http-nio-9090-exec-3/SEVERE][GeneratedMethodAccessor39.invoke:-1] LoadingModule [uiplugin/checkbox/checkbox][websquare.uiplugin.checkbox.Checkbox][22735][5]
01/26 14:37:47.481 [http-nio-9090-exec-3/SEVERE][GeneratedMethodAccessor39.invoke:-1] LoadingModule [uiplugin/output/output][websquare.uiplugin.output.Output][8186][5]
01/26 14:37:47.486 [http-nio-9090-exec-3/SEVERE][GeneratedMethodAccessor39.invoke:-1] LoadingModule [uiplugin/html/tag][websquare.uiplugin.html.Tag][9402][5]
01/26 14:37:47.491 [http-nio-9090-exec-3/SEVERE][GeneratedMethodAccessor39.invoke:-1] LoadingModule [uiplugin/iframe/iframe][websquare.uiplugin.iframe.Iframe][14441][5]
01/26 14:37:47.495 [http-nio-9090-exec-3/SEVERE][GeneratedMethodAccessor39.invoke:-1] LoadingModule [uiplugin/input/basicInput][websquare.uiplugin.input.BasicInput][7360][5]
01/26 14:37:47.499 [http-nio-9090-exec-3/SEVERE][GeneratedMethodAccessor39.invoke:-1] LoadingModule [uiplugin/layer/layer][websquare.uiplugin.layer.Layer][839][5]
01/26 14:37:47.504 [http-nio-9090-exec-3/SEVERE][GeneratedMethodAccessor39.invoke:-1] LoadingModule [uiplugin/submit/submit][websquare.uiplugin.submit.Submit][1742][5]
01/26 14:37:47.509 [http-nio-9090-exec-3/SEVERE][GeneratedMethodAccessor39.invoke:-1] LoadingModule [uiplugin/template/template][websquare.uiplugin.template.Template][1336][5]
01/26 14:37:47.514 [http-nio-9090-exec-3/SEVERE][GeneratedMethodAccessor39.invoke:-1] LoadingModule [uiplugin/repeat/repeat][websquare.uiplugin.repeat.Repeat][5673][5]
01/26 14:37:47.518 [http-nio-9090-exec-3/SEVERE][GeneratedMethodAccessor39.invoke:-1] LoadingModule [uiplugin/graphicUtil/svgToolkit][websquare.uiplugin.graphicUtil.SvgToolkit][9936][5]
01/26 14:37:47.524 [http-nio-9090-exec-3/SEVERE][GeneratedMethodAccessor39.invoke:-1] LoadingModule [uiplugin/graphicUtil/vmlToolkit][websquare.uiplugin.graphicUtil.VmlToolkit][9590][5]
01/26 14:37:47.528 [http-nio-9090-exec-3/SEVERE][GeneratedMethodAccessor39.invoke:-1] LoadingModule [uiplugin/graphicUtil/graphicUtil][websquare.uiplugin.graphicUtil.GraphicUtil][2065][5]
01/26 14:37:47.532 [http-nio-9090-exec-3/SEVERE][GeneratedMethodAccessor39.invoke:-1] LoadingModule [uiplugin/rectangle/rectangle][websquare.uiplugin.rectangle.Rectangle][1750][5]
01/26 14:37:47.537 [http-nio-9090-exec-3/SEVERE][GeneratedMethodAccessor39.invoke:-1] LoadingModule [uiplugin/roundRectangle/roundRectangle][websquare.uiplugin.roundRectangle.RoundRectangle][2507][5]
01/26 14:37:47.542 [http-nio-9090-exec-3/SEVERE][GeneratedMethodAccessor39.invoke:-1] LoadingModule [uiplugin/multiselect/multiselect][websquare.uiplugin.multiselect.Multiselect][13518][5]
01/26 14:37:47.548 [http-nio-9090-exec-3/SEVERE][GeneratedMethodAccessor39.invoke:-1] LoadingModule [uiplugin/Switch/Switch][websquare.uiplugin.Switch.Switch][16236][5]
01/26 14:37:47.660 [http-nio-9090-exec-3/SEVERE][GeneratedMethodAccessor39.invoke:-1] LoadingModule [uiplugin/tabContainer/tabContainer][websquare.uiplugin.tabContainer.TabContainer][16741][5]
01/26 14:37:47.667 [http-nio-9090-exec-3/SEVERE][GeneratedMethodAccessor39.invoke:-1] LoadingModule [uiplugin/slideHide/slideHide][websquare.uiplugin.slideHide.SlideHide][10507][5]
01/26 14:37:47.671 [http-nio-9090-exec-3/SEVERE][GeneratedMethodAccessor39.invoke:-1] LoadingModule [uiplugin/taskManager/taskManager][websquare.uiplugin.taskManager.TaskManager][2942][5]
01/26 14:37:47.676 [http-nio-9090-exec-3/SEVERE][GeneratedMethodAccessor39.invoke:-1] LoadingModule [uiplugin/xhtml/xhtml][websquare.uiplugin.xhtml.Xhtml][837][5]
01/26 14:37:47.680 [http-nio-9090-exec-3/SEVERE][GeneratedMethodAccessor39.invoke:-1] LoadingModule [uiplugin/xsl/xsl][websquare.uiplugin.xsl.Xsl][1675][5]
01/26 14:37:47.686 [http-nio-9090-exec-3/SEVERE][GeneratedMethodAccessor39.invoke:-1] LoadingModule [uiplugin/menu/menu][websquare.uiplugin.menu.Menu][24219][5]
01/26 14:37:47.693 [http-nio-9090-exec-3/SEVERE][GeneratedMethodAccessor39.invoke:-1] LoadingModule [uiplugin/window/window][websquare.uiplugin.window.Window][39312][5]
01/26 14:37:47.700 [http-nio-9090-exec-3/SEVERE][GeneratedMethodAccessor39.invoke:-1] LoadingModule [uiplugin/windowContainer/windowContainer][websquare.uiplugin.windowContainer.WindowContainer][80113][5]
01/26 14:37:47.704 [http-nio-9090-exec-3/SEVERE][GeneratedMethodAccessor39.invoke:-1] LoadingModule [uiplugin/gridView/dataFilter][websquare.uiplugin.gridView.DataFilter][16115][5]
01/26 14:37:47.708 [http-nio-9090-exec-3/SEVERE][GeneratedMethodAccessor39.invoke:-1] LoadingModule [uiplugin/article/article][websquare.uiplugin.article.Article][71][5]
01/26 14:37:47.712 [http-nio-9090-exec-3/SEVERE][GeneratedMethodAccessor39.invoke:-1] LoadingModule [uiplugin/aside/aside][websquare.uiplugin.aside.Aside][67][5]
01/26 14:37:47.716 [http-nio-9090-exec-3/SEVERE][GeneratedMethodAccessor39.invoke:-1] LoadingModule [uiplugin/audio/audio][websquare.uiplugin.audio.Audio][67][5]
01/26 14:37:47.720 [http-nio-9090-exec-3/SEVERE][GeneratedMethodAccessor39.invoke:-1] LoadingModule [uiplugin/canvas/canvas][websquare.uiplugin.canvas.Canvas][69][5]
01/26 14:37:47.724 [http-nio-9090-exec-3/SEVERE][GeneratedMethodAccessor39.invoke:-1] LoadingModule [uiplugin/footer/footer][websquare.uiplugin.footer.Footer][69][5]
01/26 14:37:47.728 [http-nio-9090-exec-3/SEVERE][GeneratedMethodAccessor39.invoke:-1] LoadingModule [uiplugin/header/header][websquare.uiplugin.header.Header][69][5]
01/26 14:37:47.732 [http-nio-9090-exec-3/SEVERE][GeneratedMethodAccessor39.invoke:-1] LoadingModule [uiplugin/nav/nav][websquare.uiplugin.nav.Nav][63][5]
01/26 14:37:47.736 [http-nio-9090-exec-3/SEVERE][GeneratedMethodAccessor39.invoke:-1] LoadingModule [uiplugin/section/section][websquare.uiplugin.section.Section][71][5]
01/26 14:37:47.741 [http-nio-9090-exec-3/SEVERE][GeneratedMethodAccessor39.invoke:-1] LoadingModule [uiplugin/video/video][websquare.uiplugin.video.Video][67][5]
01/26 14:37:47.746 [http-nio-9090-exec-3/SEVERE][GeneratedMethodAccessor39.invoke:-1] LoadingModule [uiplugin/layout/layout][websquare.uiplugin.layout.Layout][12908][5]
01/26 14:37:47.751 [http-nio-9090-exec-3/SEVERE][GeneratedMethodAccessor39.invoke:-1] LoadingModule [uiplugin/table/tableLayout][websquare.uiplugin.table.TableLayout][73][5]
01/26 14:37:47.758 [http-nio-9090-exec-3/SEVERE][GeneratedMethodAccessor39.invoke:-1] LoadingModule [uiplugin/pivotTable/pivotTable][websquare.uiplugin.pivotTable.PivotTable][6259][5]
01/26 14:37:47.764 [http-nio-9090-exec-3/SEVERE][GeneratedMethodAccessor39.invoke:-1] LoadingModule [uiplugin/fwFunnelChart/fwFunnelChart][websquare.uiplugin.fwFunnelChart.FwFunnelChart][8957][5]
01/26 14:37:47.771 [http-nio-9090-exec-3/SEVERE][GeneratedMethodAccessor39.invoke:-1] LoadingModule [uiplugin/fwPyramidChart/fwPyramidChart][websquare.uiplugin.fwPyramidChart.FwPyramidChart][8943][5]
01/26 14:37:47.778 [http-nio-9090-exec-3/SEVERE][GeneratedMethodAccessor39.invoke:-1] LoadingModule [uiplugin/fwSparkChart/fwSparkChart][websquare.uiplugin.fwSparkChart.FwSparkChart][8490][5]
01/26 14:37:47.784 [http-nio-9090-exec-3/SEVERE][GeneratedMethodAccessor39.invoke:-1] LoadingModule [uiplugin/fwGaugeChart/fwGaugeChart][websquare.uiplugin.fwGaugeChart.FwGaugeChart][13118][5]
01/26 14:37:47.789 [http-nio-9090-exec-3/SEVERE][GeneratedMethodAccessor39.invoke:-1] LoadingModule [uiplugin/fwGanttChart/fwGanttChart][websquare.uiplugin.fwGanttChart.FwGanttChart][9183][5]
01/26 14:37:47.795 [http-nio-9090-exec-3/SEVERE][GeneratedMethodAccessor39.invoke:-1] LoadingModule [uiplugin/fwRealtimeChart/fwRealtimeChart][websquare.uiplugin.fwRealtimeChart.FwRealtimeChart][11919][5]
01/26 14:37:47.800 [http-nio-9090-exec-3/SEVERE][GeneratedMethodAccessor39.invoke:-1] LoadingModule [uiplugin/fwBulletChart/fwBulletChart][websquare.uiplugin.fwBulletChart.FwBulletChart][5435][5]
01/26 14:37:47.807 [http-nio-9090-exec-3/SEVERE][GeneratedMethodAccessor39.invoke:-1] LoadingModule [uiplugin/accordion/accordion][websquare.uiplugin.accordion.Accordion][12205][5]
01/26 14:37:47.813 [http-nio-9090-exec-3/SEVERE][GeneratedMethodAccessor39.invoke:-1] LoadingModule [uiplugin/scheduleCalendar/scheduleCalendar][websquare.uiplugin.scheduleCalendar.ScheduleCalendar][18451][5]
01/26 14:37:47.819 [http-nio-9090-exec-3/SEVERE][GeneratedMethodAccessor39.invoke:-1] LoadingModule [uiplugin/progressbar/progressbar][websquare.uiplugin.progressbar.Progressbar][4135][5]
01/26 14:37:47.826 [http-nio-9090-exec-3/SEVERE][GeneratedMethodAccessor39.invoke:-1] LoadingModule [uiplugin/widgetContainer/widgetContainer][websquare.uiplugin.widgetContainer.WidgetContainer][35678][5]
01/26 14:37:47.830 [http-nio-9090-exec-3/SEVERE][GeneratedMethodAccessor39.invoke:-1] LoadingModule [uiplugin/spinPicker/spinPicker][websquare.uiplugin.spinPicker.SpinPicker][8304][5]
01/26 14:37:47.837 [http-nio-9090-exec-3/SEVERE][GeneratedMethodAccessor39.invoke:-1] LoadingModule [uiplugin/datePicker/datePicker][websquare.uiplugin.datePicker.DatePicker][7382][5]
01/26 14:37:47.842 [http-nio-9090-exec-3/SEVERE][GeneratedMethodAccessor39.invoke:-1] LoadingModule [uiplugin/slider/slider][websquare.uiplugin.slider.Slider][23684][5]
01/26 14:37:47.847 [http-nio-9090-exec-3/SEVERE][GeneratedMethodAccessor39.invoke:-1] LoadingModule [uiplugin/searchbox/searchbox][websquare.uiplugin.searchbox.Searchbox][7695][5]
01/26 14:37:47.852 [http-nio-9090-exec-3/SEVERE][GeneratedMethodAccessor39.invoke:-1] LoadingModule [uiplugin/fliptoggle/fliptoggle][websquare.uiplugin.fliptoggle.Fliptoggle][10482][5]
01/26 14:37:47.858 [http-nio-9090-exec-3/SEVERE][GeneratedMethodAccessor39.invoke:-1] LoadingModule [uiplugin/pageControl/pageControl][websquare.uiplugin.pageControl.PageControl][9329][5]
01/26 14:37:47.863 [http-nio-9090-exec-3/SEVERE][GeneratedMethodAccessor39.invoke:-1] LoadingModule [uiplugin/panelContainer/panelContainer][websquare.uiplugin.panelContainer.PanelContainer][8035][5]
01/26 14:37:47.867 [http-nio-9090-exec-3/SEVERE][GeneratedMethodAccessor39.invoke:-1] LoadingModule [engine/load][websquare.engine.Load][201][5]
