01/27 09:29:15.975 [http-nio-9090-exec-7/INFO][NativeMethodAccessorImpl.invoke0:-2] [WebSquareConfig.getStringValue] key[//wqDefiner/@value] value[] defaultValue[]
01/27 09:29:15.977 [http-nio-9090-exec-7/INFO][NativeMethodAccessorImpl.invoke0:-2] [WebSquareConfig.getStringValue] key[//upload/@support] value[] defaultValue[true]
01/27 09:29:15.977 [http-nio-9090-exec-7/INFO][NativeMethodAccessorImpl.invoke0:-2] [WebSquareConfig.getStringValue] key[/websquare/upload/maxUploadSize/@value] value[200000000] defaultValue[1048576]
01/27 09:29:15.982 [http-nio-9090-exec-7/INFO][NativeMethodAccessorImpl.invoke0:-2] [WebSquareConfig.getStringValue] key[//upload/encoding/@value] value[UTF-8] defaultValue[KSC5601]
01/27 09:29:15.985 [http-nio-9090-exec-7/INFO][NativeMethodAccessorImpl.invoke0:-2] [WebSquareConfig.getStringValue] key[//upload/baseDir/@value] value[C:\WEBSQUARE_DEV_PACK\workspace\ws5\websquare_home\upload] defaultValue[null]
01/27 09:29:15.986 [http-nio-9090-exec-7/INFO][NativeMethodAccessorImpl.invoke0:-2] [WebSquareConfig.getStringValue] key[//upload/folderName/@value] value[up] defaultValue[]
01/27 09:29:15.998 [http-nio-9090-exec-7/INFO][NativeMethodAccessorImpl.invoke0:-2] [WebSquareConfig.getStringValue] key[//priorPlugins/@value] value[] defaultValue[]
01/27 09:29:16.026 [http-nio-9090-exec-7/INFO][GeneratedMethodAccessor45.invoke:-1] [WebSquareConfig.getStringValue] key[//engineType/@value] value[5] defaultValue[1]
01/27 09:29:16.419 [http-nio-9090-exec-7/INFO][GeneratedMethodAccessor45.invoke:-1] [WebSquareConfig.getStringValue] key[//engineType/@baseFolder] value[] defaultValue[]
01/27 09:29:16.428 [http-nio-9090-exec-7/INFO][GeneratedMethodAccessor45.invoke:-1] [WebSquareConfig.getStringValue] key[//engineType/@coverage] value[notsupport] defaultValue[notsupport]
01/27 09:29:16.430 [http-nio-9090-exec-7/SEVERE][GeneratedMethodAccessor45.invoke:-1] LoadingModule [/bootloader][websquare.Bootloader][18276][5]
01/27 09:29:16.431 [http-nio-9090-exec-7/INFO][GeneratedMethodAccessor45.invoke:-1] [WebSquareConfig.getStringValue] key[//engineType/@etag] value[support] defaultValue[support]
01/27 09:29:16.626 [http-nio-9090-exec-1/INFO][GeneratedMethodAccessor45.invoke:-1] [WebSquareConfig.getStringValue] key[//date/encoding/@value] value[] defaultValue[UTF-8]
01/27 09:47:54.052 [http-nio-9090-exec-8/SEVERE][GeneratedMethodAccessor45.invoke:-1] LoadingModule [uiplugin/popup][websquare.uiplugin.popup.Popup][4655][5]
01/27 15:13:04.066 [http-nio-9090-exec-8/INFO][NativeMethodAccessorImpl.invoke0:-2] [WebSquareConfig.getStringValue] key[//wqDefiner/@value] value[] defaultValue[]
01/27 15:13:04.067 [http-nio-9090-exec-8/INFO][NativeMethodAccessorImpl.invoke0:-2] [WebSquareConfig.getStringValue] key[//upload/@support] value[] defaultValue[true]
01/27 15:13:04.068 [http-nio-9090-exec-8/INFO][NativeMethodAccessorImpl.invoke0:-2] [WebSquareConfig.getStringValue] key[/websquare/upload/maxUploadSize/@value] value[200000000] defaultValue[1048576]
01/27 15:13:04.075 [http-nio-9090-exec-8/INFO][NativeMethodAccessorImpl.invoke0:-2] [WebSquareConfig.getStringValue] key[//upload/encoding/@value] value[UTF-8] defaultValue[KSC5601]
01/27 15:13:04.079 [http-nio-9090-exec-8/INFO][NativeMethodAccessorImpl.invoke0:-2] [WebSquareConfig.getStringValue] key[//upload/baseDir/@value] value[C:\WEBSQUARE_DEV_PACK\workspace\ws5\websquare_home\upload] defaultValue[null]
01/27 15:13:04.081 [http-nio-9090-exec-8/INFO][NativeMethodAccessorImpl.invoke0:-2] [WebSquareConfig.getStringValue] key[//upload/folderName/@value] value[up] defaultValue[]
01/27 15:13:04.099 [http-nio-9090-exec-8/INFO][NativeMethodAccessorImpl.invoke0:-2] [WebSquareConfig.getStringValue] key[//priorPlugins/@value] value[] defaultValue[]
01/27 15:13:04.140 [http-nio-9090-exec-7/INFO][GeneratedMethodAccessor42.invoke:-1] [WebSquareConfig.getStringValue] key[//date/encoding/@value] value[] defaultValue[UTF-8]
01/27 15:13:04.141 [http-nio-9090-exec-9/INFO][GeneratedMethodAccessor42.invoke:-1] [WebSquareConfig.getStringValue] key[//date/encoding/@value] value[] defaultValue[UTF-8]
01/27 15:13:04.142 [http-nio-9090-exec-8/INFO][GeneratedMethodAccessor42.invoke:-1] [WebSquareConfig.getStringValue] key[//date/encoding/@value] value[] defaultValue[UTF-8]
01/27 15:13:04.145 [http-nio-9090-exec-6/INFO][GeneratedMethodAccessor42.invoke:-1] [WebSquareConfig.getStringValue] key[//date/encoding/@value] value[] defaultValue[UTF-8]
01/27 15:13:04.146 [http-nio-9090-exec-10/INFO][GeneratedMethodAccessor42.invoke:-1] [WebSquareConfig.getStringValue] key[//date/encoding/@value] value[] defaultValue[UTF-8]
01/27 15:13:04.147 [http-nio-9090-exec-2/INFO][GeneratedMethodAccessor42.invoke:-1] [WebSquareConfig.getStringValue] key[//date/encoding/@value] value[] defaultValue[UTF-8]
01/27 16:27:04.020 [http-nio-9090-exec-2/INFO][NativeMethodAccessorImpl.invoke0:-2] [WebSquareConfig.getStringValue] key[//wqDefiner/@value] value[] defaultValue[]
01/27 16:27:04.022 [http-nio-9090-exec-2/INFO][NativeMethodAccessorImpl.invoke0:-2] [WebSquareConfig.getStringValue] key[//upload/@support] value[] defaultValue[true]
01/27 16:27:04.023 [http-nio-9090-exec-2/INFO][NativeMethodAccessorImpl.invoke0:-2] [WebSquareConfig.getStringValue] key[/websquare/upload/maxUploadSize/@value] value[200000000] defaultValue[1048576]
01/27 16:27:04.028 [http-nio-9090-exec-2/INFO][NativeMethodAccessorImpl.invoke0:-2] [WebSquareConfig.getStringValue] key[//upload/encoding/@value] value[UTF-8] defaultValue[KSC5601]
01/27 16:27:04.031 [http-nio-9090-exec-2/INFO][NativeMethodAccessorImpl.invoke0:-2] [WebSquareConfig.getStringValue] key[//upload/baseDir/@value] value[C:\WEBSQUARE_DEV_PACK\workspace\ws5\websquare_home\upload] defaultValue[null]
01/27 16:27:04.031 [http-nio-9090-exec-2/INFO][NativeMethodAccessorImpl.invoke0:-2] [WebSquareConfig.getStringValue] key[//upload/folderName/@value] value[up] defaultValue[]
01/27 16:27:04.052 [http-nio-9090-exec-2/INFO][NativeMethodAccessorImpl.invoke0:-2] [WebSquareConfig.getStringValue] key[//priorPlugins/@value] value[] defaultValue[]
01/27 16:27:04.085 [http-nio-9090-exec-2/INFO][GeneratedMethodAccessor39.invoke:-1] [WebSquareConfig.getStringValue] key[//date/encoding/@value] value[] defaultValue[UTF-8]
01/27 16:27:04.087 [http-nio-9090-exec-6/INFO][GeneratedMethodAccessor39.invoke:-1] [WebSquareConfig.getStringValue] key[//date/encoding/@value] value[] defaultValue[UTF-8]
01/27 16:27:04.089 [http-nio-9090-exec-10/INFO][GeneratedMethodAccessor39.invoke:-1] [WebSquareConfig.getStringValue] key[//date/encoding/@value] value[] defaultValue[UTF-8]
01/27 16:27:04.091 [http-nio-9090-exec-1/INFO][GeneratedMethodAccessor39.invoke:-1] [WebSquareConfig.getStringValue] key[//date/encoding/@value] value[] defaultValue[UTF-8]
01/27 16:27:04.091 [http-nio-9090-exec-5/INFO][GeneratedMethodAccessor39.invoke:-1] [WebSquareConfig.getStringValue] key[//date/encoding/@value] value[] defaultValue[UTF-8]
01/27 16:27:04.092 [http-nio-9090-exec-8/INFO][GeneratedMethodAccessor39.invoke:-1] [WebSquareConfig.getStringValue] key[//date/encoding/@value] value[] defaultValue[UTF-8]
01/27 16:28:04.138 [http-nio-9090-exec-10/INFO][GeneratedMethodAccessor39.invoke:-1] [WebSquareConfig.getStringValue] key[//engineType/@value] value[5] defaultValue[1]
01/27 16:28:04.584 [http-nio-9090-exec-10/INFO][GeneratedMethodAccessor39.invoke:-1] [WebSquareConfig.getStringValue] key[//engineType/@baseFolder] value[] defaultValue[]
01/27 16:28:04.593 [http-nio-9090-exec-10/INFO][GeneratedMethodAccessor39.invoke:-1] [WebSquareConfig.getStringValue] key[//engineType/@coverage] value[notsupport] defaultValue[notsupport]
01/27 16:28:04.595 [http-nio-9090-exec-10/SEVERE][GeneratedMethodAccessor39.invoke:-1] LoadingModule [/bootloader][websquare.Bootloader][18276][5]
01/27 16:28:04.595 [http-nio-9090-exec-10/INFO][GeneratedMethodAccessor39.invoke:-1] [WebSquareConfig.getStringValue] key[//engineType/@etag] value[support] defaultValue[support]
01/27 16:29:21.523 [http-nio-9090-exec-4/SEVERE][GeneratedMethodAccessor39.invoke:-1] LoadingModule [uiplugin/pivot][websquare.uiplugin.pivot.Pivot][4594][5]
01/27 16:29:21.586 [http-nio-9090-exec-9/SEVERE][GeneratedMethodAccessor39.invoke:-1] LoadingModule [uiplugin/pivot/pivotApiController][websquare.uiplugin.pivot.PivotApiController][3603][5]
01/27 16:29:21.595 [http-nio-9090-exec-2/SEVERE][GeneratedMethodAccessor39.invoke:-1] LoadingModule [uiplugin/pivot/pivotCellController][websquare.uiplugin.pivot.PivotCellController][1495][5]
01/27 16:29:21.603 [http-nio-9090-exec-5/SEVERE][GeneratedMethodAccessor39.invoke:-1] LoadingModule [uiplugin/pivot/pivotFocusController][websquare.uiplugin.pivot.PivotFocusController][2812][5]
01/27 16:29:21.612 [http-nio-9090-exec-10/SEVERE][GeneratedMethodAccessor39.invoke:-1] LoadingModule [uiplugin/pivot/pivotMetaController][websquare.uiplugin.pivot.PivotMetaController][571][5]
01/27 16:29:21.619 [http-nio-9090-exec-3/SEVERE][GeneratedMethodAccessor39.invoke:-1] LoadingModule [uiplugin/pivot/pivotDataController][websquare.uiplugin.pivot.PivotDataController][861][5]
01/27 16:29:21.631 [http-nio-9090-exec-8/SEVERE][GeneratedMethodAccessor39.invoke:-1] LoadingModule [uiplugin/pivot/pivotLayoutController][websquare.uiplugin.pivot.PivotLayoutController][6374][5]
01/27 16:29:21.642 [http-nio-9090-exec-6/SEVERE][GeneratedMethodAccessor39.invoke:-1] LoadingModule [uiplugin/pivot/pivotEventController][websquare.uiplugin.pivot.PivotEventController][5549][5]
01/27 16:29:21.651 [http-nio-9090-exec-4/SEVERE][GeneratedMethodAccessor39.invoke:-1] LoadingModule [uiplugin/pivot/pivotKeyEventController][websquare.uiplugin.pivot.PivotKeyEventController][2281][5]
01/27 16:29:21.663 [http-nio-9090-exec-7/SEVERE][GeneratedMethodAccessor39.invoke:-1] LoadingModule [uiplugin/pivot/editablePivot][websquare.uiplugin.pivot.EditablePivot][17342][5]
01/27 16:29:21.673 [http-nio-9090-exec-1/SEVERE][GeneratedMethodAccessor39.invoke:-1] LoadingModule [uiplugin/pivot/pivot_ko][websquare.uiplugin.pivot.Pivot_ko][790][5]
