01/31 09:08:06.392 [http-nio-9090-exec-4/INFO][NativeMethodAccessorImpl.invoke0:-2] [WebSquareConfig.getStringValue] key[//wqDefiner/@value] value[] defaultValue[]
01/31 09:08:06.394 [http-nio-9090-exec-4/INFO][NativeMethodAccessorImpl.invoke0:-2] [WebSquareConfig.getStringValue] key[//upload/@support] value[] defaultValue[true]
01/31 09:08:06.395 [http-nio-9090-exec-4/INFO][NativeMethodAccessorImpl.invoke0:-2] [WebSquareConfig.getStringValue] key[/websquare/upload/maxUploadSize/@value] value[200000000] defaultValue[1048576]
01/31 09:08:06.398 [http-nio-9090-exec-4/INFO][NativeMethodAccessorImpl.invoke0:-2] [WebSquareConfig.getStringValue] key[//upload/encoding/@value] value[UTF-8] defaultValue[KSC5601]
01/31 09:08:06.400 [http-nio-9090-exec-4/INFO][NativeMethodAccessorImpl.invoke0:-2] [WebSquareConfig.getStringValue] key[//upload/baseDir/@value] value[C:\WEBSQUARE_DEV_PACK\workspace\ws5\websquare_home\upload] defaultValue[null]
01/31 09:08:06.400 [http-nio-9090-exec-4/INFO][NativeMethodAccessorImpl.invoke0:-2] [WebSquareConfig.getStringValue] key[//upload/folderName/@value] value[up] defaultValue[]
01/31 09:08:06.415 [http-nio-9090-exec-4/INFO][NativeMethodAccessorImpl.invoke0:-2] [WebSquareConfig.getStringValue] key[//priorPlugins/@value] value[] defaultValue[]
01/31 09:08:06.443 [http-nio-9090-exec-4/INFO][GeneratedMethodAccessor45.invoke:-1] [WebSquareConfig.getStringValue] key[//engineType/@value] value[5] defaultValue[1]
01/31 09:08:06.784 [http-nio-9090-exec-4/INFO][GeneratedMethodAccessor45.invoke:-1] [WebSquareConfig.getStringValue] key[//engineType/@baseFolder] value[] defaultValue[]
01/31 09:08:06.793 [http-nio-9090-exec-4/INFO][GeneratedMethodAccessor45.invoke:-1] [WebSquareConfig.getStringValue] key[//engineType/@coverage] value[notsupport] defaultValue[notsupport]
01/31 09:08:06.795 [http-nio-9090-exec-4/SEVERE][GeneratedMethodAccessor45.invoke:-1] LoadingModule [/bootloader][websquare.Bootloader][18276][5]
01/31 09:08:06.796 [http-nio-9090-exec-4/INFO][GeneratedMethodAccessor45.invoke:-1] [WebSquareConfig.getStringValue] key[//engineType/@etag] value[support] defaultValue[support]
01/31 09:08:06.970 [http-nio-9090-exec-9/INFO][GeneratedMethodAccessor45.invoke:-1] [WebSquareConfig.getStringValue] key[//date/encoding/@value] value[] defaultValue[UTF-8]
01/31 11:44:04.281 [http-nio-9090-exec-10/SEVERE][GeneratedMethodAccessor45.invoke:-1] LoadingModule [engine/CommonRuntime][websquare.engine.CommonRuntime][67][5]
01/31 11:44:04.288 [http-nio-9090-exec-10/SEVERE][GeneratedMethodAccessor45.invoke:-1] LoadingModule [engine/core][websquare.engine.Core][43663][5]
01/31 11:44:04.297 [http-nio-9090-exec-10/SEVERE][GeneratedMethodAccessor45.invoke:-1] LoadingModule [engine/exception][websquare.engine.Exception][4715][5]
01/31 11:44:04.301 [http-nio-9090-exec-10/SEVERE][GeneratedMethodAccessor45.invoke:-1] LoadingModule [engine/logger][websquare.engine.Logger][21770][5]
01/31 11:44:04.305 [http-nio-9090-exec-10/SEVERE][GeneratedMethodAccessor45.invoke:-1] LoadingModule [engine/xml][websquare.engine.Xml][27425][5]
01/31 11:44:04.312 [http-nio-9090-exec-10/SEVERE][GeneratedMethodAccessor45.invoke:-1] LoadingModule [engine/collection][websquare.engine.Collection][11703][5]
01/31 11:44:04.317 [http-nio-9090-exec-10/SEVERE][GeneratedMethodAccessor45.invoke:-1] LoadingModule [engine/WebSquareDocument][websquare.engine.WebSquareDocument][8981][5]
01/31 11:44:04.321 [http-nio-9090-exec-10/SEVERE][GeneratedMethodAccessor45.invoke:-1] LoadingModule [engine/Parser][websquare.engine.Parser][25820][5]
01/31 11:44:04.327 [http-nio-9090-exec-10/SEVERE][GeneratedMethodAccessor45.invoke:-1] LoadingModule [engine/Model][websquare.engine.Model][5579][5]
01/31 11:44:04.333 [http-nio-9090-exec-10/SEVERE][GeneratedMethodAccessor45.invoke:-1] LoadingModule [engine/Actions][websquare.engine.Actions][4658][5]
01/31 11:44:04.344 [http-nio-9090-exec-10/SEVERE][GeneratedMethodAccessor45.invoke:-1] LoadingModule [engine/ModelUtil][websquare.engine.ModelUtil][87551][5]
01/31 11:44:04.352 [http-nio-9090-exec-10/SEVERE][GeneratedMethodAccessor45.invoke:-1] LoadingModule [engine/DataCollection][websquare.engine.DataCollection][26588][5]
01/31 11:44:04.356 [http-nio-9090-exec-10/SEVERE][GeneratedMethodAccessor45.invoke:-1] LoadingModule [engine/Events][websquare.engine.Events][224][5]
01/31 11:44:04.362 [http-nio-9090-exec-10/SEVERE][GeneratedMethodAccessor45.invoke:-1] LoadingModule [engine/form][websquare.engine.Form][20271][5]
01/31 11:44:04.369 [http-nio-9090-exec-10/SEVERE][GeneratedMethodAccessor45.invoke:-1] LoadingModule [engine/net][websquare.engine.Net][13783][5]
01/31 11:44:04.374 [http-nio-9090-exec-10/SEVERE][GeneratedMethodAccessor45.invoke:-1] LoadingModule [engine/session][websquare.engine.Session][2278][5]
01/31 11:44:04.383 [http-nio-9090-exec-10/SEVERE][GeneratedMethodAccessor45.invoke:-1] LoadingModule [engine/util][websquare.engine.Util][101563][5]
01/31 11:44:04.392 [http-nio-9090-exec-10/SEVERE][GeneratedMethodAccessor45.invoke:-1] LoadingModule [engine/date][websquare.engine.Date][21467][5]
01/31 11:44:04.399 [http-nio-9090-exec-10/SEVERE][GeneratedMethodAccessor45.invoke:-1] LoadingModule [engine/text][websquare.engine.Text][28779][5]
01/31 11:44:04.406 [http-nio-9090-exec-10/SEVERE][GeneratedMethodAccessor45.invoke:-1] LoadingModule [engine/layer][websquare.engine.Layer][10409][5]
01/31 11:44:04.411 [http-nio-9090-exec-10/SEVERE][GeneratedMethodAccessor45.invoke:-1] LoadingModule [engine/cookie][websquare.engine.Cookie][673][5]
01/31 11:44:04.418 [http-nio-9090-exec-10/SEVERE][GeneratedMethodAccessor45.invoke:-1] LoadingModule [engine/thread][websquare.engine.Thread][1490][5]
01/31 11:44:04.423 [http-nio-9090-exec-10/SEVERE][GeneratedMethodAccessor45.invoke:-1] LoadingModule [engine/effect][websquare.engine.Effect][13802][5]
01/31 11:44:04.430 [http-nio-9090-exec-10/SEVERE][GeneratedMethodAccessor45.invoke:-1] LoadingModule [engine/domIterator][websquare.engine.DomIterator][2174][5]
01/31 11:44:04.436 [http-nio-9090-exec-10/SEVERE][GeneratedMethodAccessor45.invoke:-1] LoadingModule [engine/event][websquare.engine.Event][17869][5]
01/31 11:44:04.442 [http-nio-9090-exec-10/SEVERE][GeneratedMethodAccessor45.invoke:-1] LoadingModule [engine/skin][websquare.engine.Skin][6696][5]
01/31 11:44:04.448 [http-nio-9090-exec-10/SEVERE][GeneratedMethodAccessor45.invoke:-1] LoadingModule [engine/language][websquare.engine.Language][490][5]
01/31 11:44:04.452 [http-nio-9090-exec-10/SEVERE][GeneratedMethodAccessor45.invoke:-1] LoadingModule [engine/geometry][websquare.engine.Geometry][4695][5]
01/31 11:44:04.456 [http-nio-9090-exec-10/SEVERE][GeneratedMethodAccessor45.invoke:-1] LoadingModule [engine/shape][websquare.engine.Shape][11018][5]
01/31 11:44:04.461 [http-nio-9090-exec-10/SEVERE][GeneratedMethodAccessor45.invoke:-1] LoadingModule [engine/configManager][websquare.engine.ConfigManager][1007][5]
01/31 11:44:04.467 [http-nio-9090-exec-10/SEVERE][GeneratedMethodAccessor45.invoke:-1] LoadingModule [engine/cssStyleSheet][websquare.engine.CssStyleSheet][3808][5]
01/31 11:44:04.473 [http-nio-9090-exec-10/SEVERE][GeneratedMethodAccessor45.invoke:-1] LoadingModule [uiplugin/control/eventControl][websquare.uiplugin.control.EventControl][7466][5]
01/31 11:44:04.477 [http-nio-9090-exec-10/SEVERE][GeneratedMethodAccessor45.invoke:-1] LoadingModule [engine/dragdrop][websquare.engine.Dragdrop][11757][5]
01/31 11:44:04.480 [http-nio-9090-exec-10/SEVERE][GeneratedMethodAccessor45.invoke:-1] LoadingModule [engine/style][websquare.engine.Style][11170][5]
01/31 11:44:04.484 [http-nio-9090-exec-10/SEVERE][GeneratedMethodAccessor45.invoke:-1] LoadingModule [engine/validator][websquare.engine.Validator][38293][5]
01/31 11:44:04.487 [http-nio-9090-exec-10/SEVERE][GeneratedMethodAccessor45.invoke:-1] LoadingModule [engine/wUnit][websquare.engine.WUnit][11983][5]
01/31 11:44:04.492 [http-nio-9090-exec-10/SEVERE][GeneratedMethodAccessor45.invoke:-1] LoadingModule [engine/json][websquare.engine.Json][8481][5]
01/31 11:44:04.498 [http-nio-9090-exec-10/SEVERE][GeneratedMethodAccessor45.invoke:-1] LoadingModule [engine/jquerySupport][websquare.engine.JquerySupport][3323][5]
01/31 11:44:04.504 [http-nio-9090-exec-10/SEVERE][GeneratedMethodAccessor45.invoke:-1] LoadingModule [uiplugin/control/css][websquare.uiplugin.control.Css][9608][5]
01/31 11:44:04.509 [http-nio-9090-exec-10/SEVERE][GeneratedMethodAccessor45.invoke:-1] LoadingModule [uiplugin/control/IAction][websquare.uiplugin.control.IAction][308][5]
01/31 11:44:04.515 [http-nio-9090-exec-10/SEVERE][GeneratedMethodAccessor45.invoke:-1] LoadingModule [uiplugin/control/IVisible][websquare.uiplugin.control.IVisible][203][5]
01/31 11:44:04.521 [http-nio-9090-exec-10/SEVERE][GeneratedMethodAccessor45.invoke:-1] LoadingModule [uiplugin/control/ISerialize][websquare.uiplugin.control.ISerialize][337][5]
01/31 11:44:04.524 [http-nio-9090-exec-10/SEVERE][GeneratedMethodAccessor45.invoke:-1] LoadingModule [uiplugin/control/widget][websquare.uiplugin.control.Widget][100][5]
01/31 11:44:04.528 [http-nio-9090-exec-10/SEVERE][GeneratedMethodAccessor45.invoke:-1] LoadingModule [uiplugin/control/control][websquare.uiplugin.control.Control][5299][5]
01/31 11:44:04.532 [http-nio-9090-exec-10/SEVERE][GeneratedMethodAccessor45.invoke:-1] LoadingModule [uiplugin/control/cssManager][websquare.uiplugin.control.CssManager][9483][5]
01/31 11:44:04.536 [http-nio-9090-exec-10/SEVERE][GeneratedMethodAccessor45.invoke:-1] LoadingModule [uiplugin/control/cssCustomizer][websquare.uiplugin.control.CssCustomizer][1819][5]
01/31 11:44:04.539 [http-nio-9090-exec-10/SEVERE][GeneratedMethodAccessor45.invoke:-1] LoadingModule [uiplugin/control/htmlControl][websquare.uiplugin.control.HtmlControl][604][5]
01/31 11:44:04.543 [http-nio-9090-exec-10/SEVERE][GeneratedMethodAccessor45.invoke:-1] LoadingModule [uiplugin/control/modelControl][websquare.uiplugin.control.ModelControl][9532][5]
01/31 11:44:04.548 [http-nio-9090-exec-10/SEVERE][GeneratedMethodAccessor45.invoke:-1] LoadingModule [uiplugin/control/xfControl][websquare.uiplugin.control.XfControl][31119][5]
01/31 11:44:04.551 [http-nio-9090-exec-10/SEVERE][GeneratedMethodAccessor45.invoke:-1] LoadingModule [uiplugin/control/controlFactory][websquare.uiplugin.control.ControlFactory][8988][5]
01/31 11:44:04.555 [http-nio-9090-exec-10/SEVERE][GeneratedMethodAccessor45.invoke:-1] LoadingModule [uiplugin/control/controlIterator][websquare.uiplugin.control.ControlIterator][79][5]
01/31 11:44:04.559 [http-nio-9090-exec-10/SEVERE][GeneratedMethodAccessor45.invoke:-1] LoadingModule [uiplugin/control/executeHelper][websquare.uiplugin.control.ExecuteHelper][6906][5]
01/31 11:44:04.563 [http-nio-9090-exec-10/SEVERE][GeneratedMethodAccessor45.invoke:-1] LoadingModule [uiplugin/balloonTip/balloonTip][websquare.uiplugin.balloonTip.BalloonTip][1954][5]
01/31 11:44:04.566 [http-nio-9090-exec-10/SEVERE][GeneratedMethodAccessor45.invoke:-1] LoadingModule [uiplugin/control/controlManager][websquare.uiplugin.control.ControlManager][2775][5]
01/31 11:44:04.570 [http-nio-9090-exec-10/SEVERE][GeneratedMethodAccessor45.invoke:-1] LoadingModule [engine/localStorage][websquare.engine.LocalStorage][4383][5]
01/31 11:44:04.573 [http-nio-9090-exec-10/SEVERE][GeneratedMethodAccessor45.invoke:-1] LoadingModule [engine/big][websquare.engine.Big][4818][5]
01/31 11:44:04.581 [http-nio-9090-exec-10/SEVERE][GeneratedMethodAccessor45.invoke:-1] LoadingModule [engine/api][websquare.engine.Api][2852][5]
01/31 11:44:04.585 [http-nio-9090-exec-10/SEVERE][GeneratedMethodAccessor45.invoke:-1] LoadingModule [engine/initCSS][websquare.engine.InitCSS][7916][5]
01/31 11:44:04.590 [http-nio-9090-exec-10/SEVERE][GeneratedMethodAccessor45.invoke:-1] LoadingModule [uiplugin/group/group][websquare.uiplugin.group.Group][25862][5]
01/31 11:44:04.595 [http-nio-9090-exec-10/SEVERE][GeneratedMethodAccessor45.invoke:-1] LoadingModule [uiplugin/wframe/wframe][websquare.uiplugin.wframe.Wframe][49183][5]
01/31 11:44:04.598 [http-nio-9090-exec-10/SEVERE][GeneratedMethodAccessor45.invoke:-1] LoadingModule [uiplugin/wframe/wframeDocument][websquare.uiplugin.wframe.WframeDocument][1831][5]
01/31 11:44:04.601 [http-nio-9090-exec-10/SEVERE][GeneratedMethodAccessor45.invoke:-1] LoadingModule [uiplugin/wframe/wframeParser][websquare.uiplugin.wframe.WframeParser][2259][5]
01/31 11:44:04.605 [http-nio-9090-exec-10/SEVERE][GeneratedMethodAccessor45.invoke:-1] LoadingModule [uiplugin/control/historyManager][websquare.uiplugin.control.HistoryManager][1379][5]
01/31 11:44:04.609 [http-nio-9090-exec-10/SEVERE][GeneratedMethodAccessor45.invoke:-1] LoadingModule [uiplugin/control/itemsetControl][websquare.uiplugin.control.ItemsetControl][12852][5]
01/31 11:44:04.614 [http-nio-9090-exec-10/SEVERE][GeneratedMethodAccessor45.invoke:-1] LoadingModule [uiplugin/dataList/dataController][websquare.uiplugin.dataList.DataController][69817][5]
01/31 11:44:04.619 [http-nio-9090-exec-10/SEVERE][GeneratedMethodAccessor45.invoke:-1] LoadingModule [uiplugin/dataList/statusController][websquare.uiplugin.dataList.StatusController][22089][5]
01/31 11:44:04.622 [http-nio-9090-exec-10/SEVERE][GeneratedMethodAccessor45.invoke:-1] LoadingModule [uiplugin/dataList/dataListCellController][websquare.uiplugin.dataList.DataListCellController][8245][5]
01/31 11:44:04.628 [http-nio-9090-exec-10/SEVERE][GeneratedMethodAccessor45.invoke:-1] LoadingModule [uiplugin/dataList/dataListApiController][websquare.uiplugin.dataList.DataListApiController][32619][5]
01/31 11:44:04.632 [http-nio-9090-exec-10/SEVERE][GeneratedMethodAccessor45.invoke:-1] LoadingModule [uiplugin/dataList/filterController][websquare.uiplugin.dataList.FilterController][10723][5]
01/31 11:44:04.635 [http-nio-9090-exec-10/SEVERE][GeneratedMethodAccessor45.invoke:-1] LoadingModule [uiplugin/dataList/dataList][websquare.uiplugin.dataList.DataList][10922][5]
01/31 11:44:04.639 [http-nio-9090-exec-10/SEVERE][GeneratedMethodAccessor45.invoke:-1] LoadingModule [uiplugin/dataMap/dataMapApiController][websquare.uiplugin.dataMap.DataMapApiController][16171][5]
01/31 11:44:04.642 [http-nio-9090-exec-10/SEVERE][GeneratedMethodAccessor45.invoke:-1] LoadingModule [uiplugin/dataMap/dataMap][websquare.uiplugin.dataMap.DataMap][8423][5]
01/31 11:44:04.646 [http-nio-9090-exec-10/SEVERE][GeneratedMethodAccessor45.invoke:-1] LoadingModule [uiplugin/linkedDataList/linkedFilterController][websquare.uiplugin.linkedDataList.LinkedFilterController][20257][5]
01/31 11:44:04.650 [http-nio-9090-exec-10/SEVERE][GeneratedMethodAccessor45.invoke:-1] LoadingModule [uiplugin/linkedDataList/linkedDataListApiController][websquare.uiplugin.linkedDataList.LinkedDataListApiController][40388][5]
01/31 11:44:04.654 [http-nio-9090-exec-10/SEVERE][GeneratedMethodAccessor45.invoke:-1] LoadingModule [uiplugin/linkedDataList/linkedDataList][websquare.uiplugin.linkedDataList.LinkedDataList][10131][5]
01/31 11:44:04.658 [http-nio-9090-exec-10/SEVERE][GeneratedMethodAccessor45.invoke:-1] LoadingModule [uiplugin/aliasDataCollection/aliasDataList][websquare.uiplugin.aliasDataCollection.AliasDataList][6611][5]
01/31 11:44:04.662 [http-nio-9090-exec-10/SEVERE][GeneratedMethodAccessor45.invoke:-1] LoadingModule [uiplugin/aliasDataCollection/aliasDataMap][websquare.uiplugin.aliasDataCollection.AliasDataMap][6443][5]
01/31 11:44:04.666 [http-nio-9090-exec-10/SEVERE][GeneratedMethodAccessor45.invoke:-1] LoadingModule [uiplugin/aliasDataCollection/aliasLinkedDataList][websquare.uiplugin.aliasDataCollection.AliasLinkedDataList][6290][5]
01/31 11:44:04.670 [http-nio-9090-exec-10/SEVERE][GeneratedMethodAccessor45.invoke:-1] LoadingModule [engine/initializer][websquare.engine.Initializer][25719][5]
01/31 11:44:04.675 [http-nio-9090-exec-10/SEVERE][GeneratedMethodAccessor45.invoke:-1] LoadingModule [uiplugin/body/body][websquare.uiplugin.body.Body][20689][5]
01/31 11:44:04.679 [http-nio-9090-exec-10/SEVERE][GeneratedMethodAccessor45.invoke:-1] LoadingModule [engine/formatter][websquare.engine.Formatter][7654][5]
01/31 11:44:04.684 [http-nio-9090-exec-10/SEVERE][GeneratedMethodAccessor45.invoke:-1] LoadingModule [uiplugin/textbox/textbox][websquare.uiplugin.textbox.Textbox][13428][5]
01/31 11:44:04.687 [http-nio-9090-exec-10/SEVERE][GeneratedMethodAccessor45.invoke:-1] LoadingModule [uiplugin/anchor/anchor][websquare.uiplugin.anchor.Anchor][6588][5]
01/31 11:44:04.691 [http-nio-9090-exec-10/SEVERE][GeneratedMethodAccessor45.invoke:-1] LoadingModule [uiplugin/table/itemTable][websquare.uiplugin.table.ItemTable][30277][5]
01/31 11:44:04.701 [http-nio-9090-exec-10/SEVERE][GeneratedMethodAccessor45.invoke:-1] LoadingModule [uiplugin/selectbox/selectbox][websquare.uiplugin.selectbox.Selectbox][61950][5]
01/31 11:44:04.706 [http-nio-9090-exec-10/SEVERE][GeneratedMethodAccessor45.invoke:-1] LoadingModule [uiplugin/input/input][websquare.uiplugin.input.Input][58886][5]
01/31 11:44:04.710 [http-nio-9090-exec-10/SEVERE][GeneratedMethodAccessor45.invoke:-1] LoadingModule [uiplugin/span/span][websquare.uiplugin.span.Span][8566][5]
01/31 11:44:04.718 [http-nio-9090-exec-10/SEVERE][GeneratedMethodAccessor45.invoke:-1] LoadingModule [uiplugin/gridView/layoutController][websquare.uiplugin.gridView.LayoutController][147641][5]
01/31 11:44:04.722 [http-nio-9090-exec-10/SEVERE][GeneratedMethodAccessor45.invoke:-1] LoadingModule [uiplugin/gridView/drawInitializer][websquare.uiplugin.gridView.DrawInitializer][21317][5]
01/31 11:44:04.729 [http-nio-9090-exec-10/SEVERE][GeneratedMethodAccessor45.invoke:-1] LoadingModule [uiplugin/gridView/eventController][websquare.uiplugin.gridView.EventController][94818][5]
01/31 11:44:04.734 [http-nio-9090-exec-10/SEVERE][GeneratedMethodAccessor45.invoke:-1] LoadingModule [uiplugin/gridView/keyEventController][websquare.uiplugin.gridView.KeyEventController][37226][5]
01/31 11:44:04.739 [http-nio-9090-exec-10/SEVERE][GeneratedMethodAccessor45.invoke:-1] LoadingModule [uiplugin/gridView/mainDrawController][websquare.uiplugin.gridView.MainDrawController][19300][5]
01/31 11:44:04.744 [http-nio-9090-exec-10/SEVERE][GeneratedMethodAccessor45.invoke:-1] LoadingModule [uiplugin/gridView/drawController][websquare.uiplugin.gridView.DrawController][60645][5]
01/31 11:44:04.754 [http-nio-9090-exec-10/SEVERE][GeneratedMethodAccessor45.invoke:-1] LoadingModule [uiplugin/gridView/cellController][websquare.uiplugin.gridView.CellController][201918][5]
01/31 11:44:04.759 [http-nio-9090-exec-10/SEVERE][GeneratedMethodAccessor45.invoke:-1] LoadingModule [uiplugin/gridView/headerController][websquare.uiplugin.gridView.HeaderController][36593][5]
01/31 11:44:04.763 [http-nio-9090-exec-10/SEVERE][GeneratedMethodAccessor45.invoke:-1] LoadingModule [uiplugin/gridView/focusController][websquare.uiplugin.gridView.FocusController][20933][5]
01/31 11:44:04.767 [http-nio-9090-exec-10/SEVERE][GeneratedMethodAccessor45.invoke:-1] LoadingModule [uiplugin/gridView/subtotalDataController][websquare.uiplugin.gridView.SubtotalDataController][11371][5]
01/31 11:44:04.770 [http-nio-9090-exec-10/SEVERE][GeneratedMethodAccessor45.invoke:-1] LoadingModule [uiplugin/gridView/footerController][websquare.uiplugin.gridView.FooterController][17643][5]
01/31 11:44:04.785 [http-nio-9090-exec-10/SEVERE][GeneratedMethodAccessor45.invoke:-1] LoadingModule [uiplugin/gridView/gridViewApiController][websquare.uiplugin.gridView.GridViewApiController][197491][5]
01/31 11:44:04.789 [http-nio-9090-exec-10/SEVERE][GeneratedMethodAccessor45.invoke:-1] LoadingModule [uiplugin/gridView/styleController][websquare.uiplugin.gridView.StyleController][12364][5]
01/31 11:44:04.793 [http-nio-9090-exec-10/SEVERE][GeneratedMethodAccessor45.invoke:-1] LoadingModule [uiplugin/helper/dateHelper][websquare.uiplugin.helper.DateHelper][5860][5]
01/31 11:44:04.802 [http-nio-9090-exec-10/SEVERE][GeneratedMethodAccessor45.invoke:-1] LoadingModule [uiplugin/calendar/calendar][websquare.uiplugin.calendar.Calendar][82016][5]
01/31 11:44:04.810 [http-nio-9090-exec-10/SEVERE][GeneratedMethodAccessor45.invoke:-1] LoadingModule [uiplugin/inputCalendar/inputCalendar][websquare.uiplugin.inputCalendar.InputCalendar][56163][5]
01/31 11:44:04.813 [http-nio-9090-exec-10/SEVERE][GeneratedMethodAccessor45.invoke:-1] LoadingModule [uiplugin/textarea/textarea][websquare.uiplugin.textarea.Textarea][14219][5]
01/31 11:44:04.817 [http-nio-9090-exec-10/SEVERE][GeneratedMethodAccessor45.invoke:-1] LoadingModule [uiplugin/helper/korHelper][websquare.uiplugin.helper.KorHelper][2745][5]
01/31 11:44:04.822 [http-nio-9090-exec-10/SEVERE][GeneratedMethodAccessor45.invoke:-1] LoadingModule [uiplugin/checkcombobox/checkcombobox][websquare.uiplugin.checkcombobox.Checkcombobox][69106][5]
01/31 11:44:04.829 [http-nio-9090-exec-10/SEVERE][GeneratedMethodAccessor45.invoke:-1] LoadingModule [uiplugin/autoComplete/autoComplete][websquare.uiplugin.autoComplete.AutoComplete][81340][5]
01/31 11:44:04.833 [http-nio-9090-exec-10/SEVERE][GeneratedMethodAccessor45.invoke:-1] LoadingModule [uiplugin/scrollView/scrollView][websquare.uiplugin.scrollView.ScrollView][20664][5]
01/31 11:44:04.838 [http-nio-9090-exec-10/SEVERE][GeneratedMethodAccessor45.invoke:-1] LoadingModule [uiplugin/list/list][websquare.uiplugin.list.List][30679][5]
01/31 11:44:04.843 [http-nio-9090-exec-10/SEVERE][GeneratedMethodAccessor45.invoke:-1] LoadingModule [uiplugin/floatingLayer/floatingLayer][websquare.uiplugin.floatingLayer.FloatingLayer][17407][5]
01/31 11:44:04.847 [http-nio-9090-exec-10/SEVERE][GeneratedMethodAccessor45.invoke:-1] LoadingModule [uiplugin/radio/radio][websquare.uiplugin.radio.Radio][21719][5]
01/31 11:44:04.850 [http-nio-9090-exec-10/SEVERE][GeneratedMethodAccessor45.invoke:-1] LoadingModule [uiplugin/spinner/spinner][websquare.uiplugin.spinner.Spinner][18363][5]
01/31 11:44:04.853 [http-nio-9090-exec-10/SEVERE][GeneratedMethodAccessor45.invoke:-1] LoadingModule [uiplugin/gridView/drilldown][websquare.uiplugin.gridView.Drilldown][11373][5]
01/31 11:44:04.857 [http-nio-9090-exec-10/SEVERE][GeneratedMethodAccessor45.invoke:-1] LoadingModule [uiplugin/gridView/notifyController][websquare.uiplugin.gridView.NotifyController][23192][5]
01/31 11:44:04.861 [http-nio-9090-exec-10/SEVERE][GeneratedMethodAccessor45.invoke:-1] LoadingModule [uiplugin/gridView/mappingController][websquare.uiplugin.gridView.MappingController][30594][5]
01/31 11:44:04.864 [http-nio-9090-exec-10/SEVERE][GeneratedMethodAccessor45.invoke:-1] LoadingModule [uiplugin/gridView/linkedMappingController][websquare.uiplugin.gridView.LinkedMappingController][15587][5]
01/31 11:44:04.869 [http-nio-9090-exec-10/SEVERE][GeneratedMethodAccessor45.invoke:-1] LoadingModule [uiplugin/gridView/gridView][websquare.uiplugin.gridView.GridView][29445][5]
01/31 11:44:04.875 [http-nio-9090-exec-10/SEVERE][GeneratedMethodAccessor45.invoke:-1] LoadingModule [uiplugin/trigger/trigger][websquare.uiplugin.trigger.Trigger][10583][5]
01/31 11:44:04.878 [http-nio-9090-exec-10/SEVERE][GeneratedMethodAccessor45.invoke:-1] LoadingModule [uiplugin/image/image][websquare.uiplugin.image.Image][3735][5]
01/31 11:44:04.881 [http-nio-9090-exec-10/SEVERE][GeneratedMethodAccessor45.invoke:-1] LoadingModule [uiplugin/pageList/pageList][websquare.uiplugin.pageList.PageList][25770][5]
01/31 11:44:04.887 [http-nio-9090-exec-10/SEVERE][GeneratedMethodAccessor45.invoke:-1] LoadingModule [uiplugin/tabControl/tabControl][websquare.uiplugin.tabControl.TabControl][73539][5]
01/31 11:44:04.900 [http-nio-9090-exec-10/SEVERE][GeneratedMethodAccessor45.invoke:-1] LoadingModule [uiplugin/grid/grid][websquare.uiplugin.grid.Grid][16060][5]
01/31 11:44:04.905 [http-nio-9090-exec-10/SEVERE][GeneratedMethodAccessor45.invoke:-1] LoadingModule [uiplugin/pageInherit/pageInherit][websquare.uiplugin.pageInherit.PageInherit][34325][5]
01/31 11:44:04.909 [http-nio-9090-exec-10/SEVERE][GeneratedMethodAccessor45.invoke:-1] LoadingModule [uiplugin/generator/generator][websquare.uiplugin.generator.Generator][6835][5]
01/31 11:44:04.913 [http-nio-9090-exec-10/SEVERE][GeneratedMethodAccessor45.invoke:-1] LoadingModule [uiplugin/upload/upload][websquare.uiplugin.upload.Upload][12637][5]
01/31 11:44:04.916 [http-nio-9090-exec-10/SEVERE][GeneratedMethodAccessor45.invoke:-1] LoadingModule [uiplugin/treeview/tree][websquare.uiplugin.treeview.Tree][13501][5]
01/31 11:44:04.920 [http-nio-9090-exec-10/SEVERE][GeneratedMethodAccessor45.invoke:-1] LoadingModule [uiplugin/treeview/virtualTree][websquare.uiplugin.treeview.VirtualTree][18165][5]
01/31 11:44:04.924 [http-nio-9090-exec-10/SEVERE][GeneratedMethodAccessor45.invoke:-1] LoadingModule [uiplugin/treeview/virtualTreeView][websquare.uiplugin.treeview.VirtualTreeView][57620][5]
01/31 11:44:04.930 [http-nio-9090-exec-10/SEVERE][GeneratedMethodAccessor45.invoke:-1] LoadingModule [uiplugin/treeview/treeview][websquare.uiplugin.treeview.Treeview][65577][5]
01/31 11:44:04.935 [http-nio-9090-exec-10/SEVERE][GeneratedMethodAccessor45.invoke:-1] LoadingModule [uiplugin/checkbox/checkbox][websquare.uiplugin.checkbox.Checkbox][22735][5]
01/31 11:44:04.938 [http-nio-9090-exec-10/SEVERE][GeneratedMethodAccessor45.invoke:-1] LoadingModule [uiplugin/output/output][websquare.uiplugin.output.Output][8186][5]
01/31 11:44:04.942 [http-nio-9090-exec-10/SEVERE][GeneratedMethodAccessor45.invoke:-1] LoadingModule [uiplugin/html/tag][websquare.uiplugin.html.Tag][9402][5]
01/31 11:44:04.949 [http-nio-9090-exec-10/SEVERE][GeneratedMethodAccessor45.invoke:-1] LoadingModule [uiplugin/iframe/iframe][websquare.uiplugin.iframe.Iframe][14441][5]
01/31 11:44:04.952 [http-nio-9090-exec-10/SEVERE][GeneratedMethodAccessor45.invoke:-1] LoadingModule [uiplugin/input/basicInput][websquare.uiplugin.input.BasicInput][7360][5]
01/31 11:44:04.953 [http-nio-9090-exec-10/SEVERE][GeneratedMethodAccessor45.invoke:-1] LoadingModule [uiplugin/layer/layer][websquare.uiplugin.layer.Layer][839][5]
01/31 11:44:04.956 [http-nio-9090-exec-10/SEVERE][GeneratedMethodAccessor45.invoke:-1] LoadingModule [uiplugin/submit/submit][websquare.uiplugin.submit.Submit][1742][5]
01/31 11:44:04.960 [http-nio-9090-exec-10/SEVERE][GeneratedMethodAccessor45.invoke:-1] LoadingModule [uiplugin/template/template][websquare.uiplugin.template.Template][1336][5]
01/31 11:44:04.963 [http-nio-9090-exec-10/SEVERE][GeneratedMethodAccessor45.invoke:-1] LoadingModule [uiplugin/repeat/repeat][websquare.uiplugin.repeat.Repeat][5673][5]
01/31 11:44:04.966 [http-nio-9090-exec-10/SEVERE][GeneratedMethodAccessor45.invoke:-1] LoadingModule [uiplugin/graphicUtil/svgToolkit][websquare.uiplugin.graphicUtil.SvgToolkit][9936][5]
01/31 11:44:04.970 [http-nio-9090-exec-10/SEVERE][GeneratedMethodAccessor45.invoke:-1] LoadingModule [uiplugin/graphicUtil/vmlToolkit][websquare.uiplugin.graphicUtil.VmlToolkit][9590][5]
01/31 11:44:04.973 [http-nio-9090-exec-10/SEVERE][GeneratedMethodAccessor45.invoke:-1] LoadingModule [uiplugin/graphicUtil/graphicUtil][websquare.uiplugin.graphicUtil.GraphicUtil][2065][5]
01/31 11:44:04.977 [http-nio-9090-exec-10/SEVERE][GeneratedMethodAccessor45.invoke:-1] LoadingModule [uiplugin/rectangle/rectangle][websquare.uiplugin.rectangle.Rectangle][1750][5]
01/31 11:44:04.982 [http-nio-9090-exec-10/SEVERE][GeneratedMethodAccessor45.invoke:-1] LoadingModule [uiplugin/roundRectangle/roundRectangle][websquare.uiplugin.roundRectangle.RoundRectangle][2507][5]
01/31 11:44:04.988 [http-nio-9090-exec-10/SEVERE][GeneratedMethodAccessor45.invoke:-1] LoadingModule [uiplugin/multiselect/multiselect][websquare.uiplugin.multiselect.Multiselect][13518][5]
01/31 11:44:04.993 [http-nio-9090-exec-10/SEVERE][GeneratedMethodAccessor45.invoke:-1] LoadingModule [uiplugin/Switch/Switch][websquare.uiplugin.Switch.Switch][16236][5]
01/31 11:44:04.997 [http-nio-9090-exec-10/SEVERE][GeneratedMethodAccessor45.invoke:-1] LoadingModule [uiplugin/tabContainer/tabContainer][websquare.uiplugin.tabContainer.TabContainer][16741][5]
01/31 11:44:05.000 [http-nio-9090-exec-10/SEVERE][GeneratedMethodAccessor45.invoke:-1] LoadingModule [uiplugin/slideHide/slideHide][websquare.uiplugin.slideHide.SlideHide][10507][5]
01/31 11:44:05.003 [http-nio-9090-exec-10/SEVERE][GeneratedMethodAccessor45.invoke:-1] LoadingModule [uiplugin/taskManager/taskManager][websquare.uiplugin.taskManager.TaskManager][2942][5]
01/31 11:44:05.006 [http-nio-9090-exec-10/SEVERE][GeneratedMethodAccessor45.invoke:-1] LoadingModule [uiplugin/xhtml/xhtml][websquare.uiplugin.xhtml.Xhtml][837][5]
01/31 11:44:05.010 [http-nio-9090-exec-10/SEVERE][GeneratedMethodAccessor45.invoke:-1] LoadingModule [uiplugin/xsl/xsl][websquare.uiplugin.xsl.Xsl][1675][5]
01/31 11:44:05.014 [http-nio-9090-exec-10/SEVERE][GeneratedMethodAccessor45.invoke:-1] LoadingModule [uiplugin/menu/menu][websquare.uiplugin.menu.Menu][24219][5]
01/31 11:44:05.018 [http-nio-9090-exec-10/SEVERE][GeneratedMethodAccessor45.invoke:-1] LoadingModule [uiplugin/window/window][websquare.uiplugin.window.Window][39312][5]
01/31 11:44:05.023 [http-nio-9090-exec-10/SEVERE][GeneratedMethodAccessor45.invoke:-1] LoadingModule [uiplugin/windowContainer/windowContainer][websquare.uiplugin.windowContainer.WindowContainer][80113][5]
01/31 11:44:05.028 [http-nio-9090-exec-10/SEVERE][GeneratedMethodAccessor45.invoke:-1] LoadingModule [uiplugin/gridView/dataFilter][websquare.uiplugin.gridView.DataFilter][16115][5]
01/31 11:44:05.031 [http-nio-9090-exec-10/SEVERE][GeneratedMethodAccessor45.invoke:-1] LoadingModule [uiplugin/article/article][websquare.uiplugin.article.Article][71][5]
01/31 11:44:05.034 [http-nio-9090-exec-10/SEVERE][GeneratedMethodAccessor45.invoke:-1] LoadingModule [uiplugin/aside/aside][websquare.uiplugin.aside.Aside][67][5]
01/31 11:44:05.037 [http-nio-9090-exec-10/SEVERE][GeneratedMethodAccessor45.invoke:-1] LoadingModule [uiplugin/audio/audio][websquare.uiplugin.audio.Audio][67][5]
01/31 11:44:05.040 [http-nio-9090-exec-10/SEVERE][GeneratedMethodAccessor45.invoke:-1] LoadingModule [uiplugin/canvas/canvas][websquare.uiplugin.canvas.Canvas][69][5]
01/31 11:44:05.044 [http-nio-9090-exec-10/SEVERE][GeneratedMethodAccessor45.invoke:-1] LoadingModule [uiplugin/footer/footer][websquare.uiplugin.footer.Footer][69][5]
01/31 11:44:05.047 [http-nio-9090-exec-10/SEVERE][GeneratedMethodAccessor45.invoke:-1] LoadingModule [uiplugin/header/header][websquare.uiplugin.header.Header][69][5]
01/31 11:44:05.051 [http-nio-9090-exec-10/SEVERE][GeneratedMethodAccessor45.invoke:-1] LoadingModule [uiplugin/nav/nav][websquare.uiplugin.nav.Nav][63][5]
01/31 11:44:05.054 [http-nio-9090-exec-10/SEVERE][GeneratedMethodAccessor45.invoke:-1] LoadingModule [uiplugin/section/section][websquare.uiplugin.section.Section][71][5]
01/31 11:44:05.057 [http-nio-9090-exec-10/SEVERE][GeneratedMethodAccessor45.invoke:-1] LoadingModule [uiplugin/video/video][websquare.uiplugin.video.Video][67][5]
01/31 11:44:05.061 [http-nio-9090-exec-10/SEVERE][GeneratedMethodAccessor45.invoke:-1] LoadingModule [uiplugin/layout/layout][websquare.uiplugin.layout.Layout][12908][5]
01/31 11:44:05.063 [http-nio-9090-exec-10/SEVERE][GeneratedMethodAccessor45.invoke:-1] LoadingModule [uiplugin/table/tableLayout][websquare.uiplugin.table.TableLayout][73][5]
01/31 11:44:05.067 [http-nio-9090-exec-10/SEVERE][GeneratedMethodAccessor45.invoke:-1] LoadingModule [uiplugin/pivotTable/pivotTable][websquare.uiplugin.pivotTable.PivotTable][6259][5]
01/31 11:44:05.071 [http-nio-9090-exec-10/SEVERE][GeneratedMethodAccessor45.invoke:-1] LoadingModule [uiplugin/fwFunnelChart/fwFunnelChart][websquare.uiplugin.fwFunnelChart.FwFunnelChart][8957][5]
01/31 11:44:05.184 [http-nio-9090-exec-10/SEVERE][GeneratedMethodAccessor45.invoke:-1] LoadingModule [uiplugin/fwPyramidChart/fwPyramidChart][websquare.uiplugin.fwPyramidChart.FwPyramidChart][8943][5]
01/31 11:44:05.190 [http-nio-9090-exec-10/SEVERE][GeneratedMethodAccessor45.invoke:-1] LoadingModule [uiplugin/fwSparkChart/fwSparkChart][websquare.uiplugin.fwSparkChart.FwSparkChart][8490][5]
01/31 11:44:05.196 [http-nio-9090-exec-10/SEVERE][GeneratedMethodAccessor45.invoke:-1] LoadingModule [uiplugin/fwGaugeChart/fwGaugeChart][websquare.uiplugin.fwGaugeChart.FwGaugeChart][13118][5]
01/31 11:44:05.203 [http-nio-9090-exec-10/SEVERE][GeneratedMethodAccessor45.invoke:-1] LoadingModule [uiplugin/fwGanttChart/fwGanttChart][websquare.uiplugin.fwGanttChart.FwGanttChart][9183][5]
01/31 11:44:05.210 [http-nio-9090-exec-10/SEVERE][GeneratedMethodAccessor45.invoke:-1] LoadingModule [uiplugin/fwRealtimeChart/fwRealtimeChart][websquare.uiplugin.fwRealtimeChart.FwRealtimeChart][11919][5]
01/31 11:44:05.214 [http-nio-9090-exec-10/SEVERE][GeneratedMethodAccessor45.invoke:-1] LoadingModule [uiplugin/fwBulletChart/fwBulletChart][websquare.uiplugin.fwBulletChart.FwBulletChart][5435][5]
01/31 11:44:05.218 [http-nio-9090-exec-10/SEVERE][GeneratedMethodAccessor45.invoke:-1] LoadingModule [uiplugin/accordion/accordion][websquare.uiplugin.accordion.Accordion][12205][5]
01/31 11:44:05.231 [http-nio-9090-exec-10/SEVERE][GeneratedMethodAccessor45.invoke:-1] LoadingModule [uiplugin/scheduleCalendar/scheduleCalendar][websquare.uiplugin.scheduleCalendar.ScheduleCalendar][18451][5]
01/31 11:44:05.235 [http-nio-9090-exec-10/SEVERE][GeneratedMethodAccessor45.invoke:-1] LoadingModule [uiplugin/progressbar/progressbar][websquare.uiplugin.progressbar.Progressbar][4135][5]
01/31 11:44:05.240 [http-nio-9090-exec-10/SEVERE][GeneratedMethodAccessor45.invoke:-1] LoadingModule [uiplugin/widgetContainer/widgetContainer][websquare.uiplugin.widgetContainer.WidgetContainer][35678][5]
01/31 11:44:05.245 [http-nio-9090-exec-10/SEVERE][GeneratedMethodAccessor45.invoke:-1] LoadingModule [uiplugin/spinPicker/spinPicker][websquare.uiplugin.spinPicker.SpinPicker][8304][5]
01/31 11:44:05.250 [http-nio-9090-exec-10/SEVERE][GeneratedMethodAccessor45.invoke:-1] LoadingModule [uiplugin/datePicker/datePicker][websquare.uiplugin.datePicker.DatePicker][7382][5]
01/31 11:44:05.254 [http-nio-9090-exec-10/SEVERE][GeneratedMethodAccessor45.invoke:-1] LoadingModule [uiplugin/slider/slider][websquare.uiplugin.slider.Slider][23684][5]
01/31 11:44:05.257 [http-nio-9090-exec-10/SEVERE][GeneratedMethodAccessor45.invoke:-1] LoadingModule [uiplugin/searchbox/searchbox][websquare.uiplugin.searchbox.Searchbox][7695][5]
01/31 11:44:05.261 [http-nio-9090-exec-10/SEVERE][GeneratedMethodAccessor45.invoke:-1] LoadingModule [uiplugin/fliptoggle/fliptoggle][websquare.uiplugin.fliptoggle.Fliptoggle][10482][5]
01/31 11:44:05.265 [http-nio-9090-exec-10/SEVERE][GeneratedMethodAccessor45.invoke:-1] LoadingModule [uiplugin/pageControl/pageControl][websquare.uiplugin.pageControl.PageControl][9329][5]
01/31 11:44:05.268 [http-nio-9090-exec-10/SEVERE][GeneratedMethodAccessor45.invoke:-1] LoadingModule [uiplugin/panelContainer/panelContainer][websquare.uiplugin.panelContainer.PanelContainer][8035][5]
01/31 11:44:05.271 [http-nio-9090-exec-10/SEVERE][GeneratedMethodAccessor45.invoke:-1] LoadingModule [engine/load][websquare.engine.Load][201][5]
01/31 11:45:25.507 [http-nio-9090-exec-9/SEVERE][GeneratedMethodAccessor45.invoke:-1] LoadingModule [uiplugin/popup][websquare.uiplugin.popup.Popup][4655][5]
01/31 16:27:56.598 [http-nio-9090-exec-8/SEVERE][GeneratedMethodAccessor45.invoke:-1] LoadingModule [uiplugin/pivot][websquare.uiplugin.pivot.Pivot][4594][5]
01/31 16:27:56.661 [http-nio-9090-exec-10/SEVERE][GeneratedMethodAccessor45.invoke:-1] LoadingModule [uiplugin/pivot/pivotApiController][websquare.uiplugin.pivot.PivotApiController][3603][5]
01/31 16:27:56.669 [http-nio-9090-exec-6/SEVERE][GeneratedMethodAccessor45.invoke:-1] LoadingModule [uiplugin/pivot/pivotCellController][websquare.uiplugin.pivot.PivotCellController][1495][5]
01/31 16:27:56.676 [http-nio-9090-exec-5/SEVERE][GeneratedMethodAccessor45.invoke:-1] LoadingModule [uiplugin/pivot/pivotFocusController][websquare.uiplugin.pivot.PivotFocusController][2812][5]
01/31 16:27:56.685 [http-nio-9090-exec-9/SEVERE][GeneratedMethodAccessor45.invoke:-1] LoadingModule [uiplugin/pivot/pivotMetaController][websquare.uiplugin.pivot.PivotMetaController][571][5]
01/31 16:27:56.691 [http-nio-9090-exec-4/SEVERE][GeneratedMethodAccessor45.invoke:-1] LoadingModule [uiplugin/pivot/pivotDataController][websquare.uiplugin.pivot.PivotDataController][861][5]
01/31 16:27:56.699 [http-nio-9090-exec-1/SEVERE][GeneratedMethodAccessor45.invoke:-1] LoadingModule [uiplugin/pivot/pivotLayoutController][websquare.uiplugin.pivot.PivotLayoutController][6374][5]
01/31 16:27:56.707 [http-nio-9090-exec-2/SEVERE][GeneratedMethodAccessor45.invoke:-1] LoadingModule [uiplugin/pivot/pivotEventController][websquare.uiplugin.pivot.PivotEventController][5549][5]
01/31 16:27:56.716 [http-nio-9090-exec-8/SEVERE][GeneratedMethodAccessor45.invoke:-1] LoadingModule [uiplugin/pivot/pivotKeyEventController][websquare.uiplugin.pivot.PivotKeyEventController][2281][5]
01/31 16:27:56.727 [http-nio-9090-exec-3/SEVERE][GeneratedMethodAccessor45.invoke:-1] LoadingModule [uiplugin/pivot/editablePivot][websquare.uiplugin.pivot.EditablePivot][17342][5]
01/31 16:27:56.735 [http-nio-9090-exec-7/SEVERE][GeneratedMethodAccessor45.invoke:-1] LoadingModule [uiplugin/pivot/pivot_ko][websquare.uiplugin.pivot.Pivot_ko][790][5]
